{"C:\\Users\\lord_\\Repos\\keysako-js\\packages\\core\\src\\IdentityProvider.ts": {"path":"C:\\Users\\lord_\\Repos\\keysako-js\\packages\\core\\src\\IdentityProvider.ts","statementMap":{"0":{"start":{"line":1,"column":0},"end":{"line":1,"column":46}},"1":{"start":{"line":2,"column":0},"end":{"line":2,"column":53}},"2":{"start":{"line":3,"column":0},"end":{"line":3,"column":63}},"3":{"start":{"line":15,"column":4},"end":{"line":28,"column":null}},"4":{"start":{"line":18,"column":9},"end":{"line":23,"column":65}},"5":{"start":{"line":25,"column":6},"end":{"line":27,"column":null}},"6":{"start":{"line":26,"column":8},"end":{"line":26,"column":28}},"7":{"start":{"line":29,"column":4},"end":{"line":29,"column":47}},"8":{"start":{"line":34,"column":4},"end":{"line":34,"column":66}},"9":{"start":{"line":38,"column":4},"end":{"line":38,"column":62}},"10":{"start":{"line":42,"column":4},"end":{"line":42,"column":67}},"11":{"start":{"line":53,"column":10},"end":{"line":53,"column":44}},"12":{"start":{"line":54,"column":10},"end":{"line":54,"column":78}},"13":{"start":{"line":57,"column":4},"end":{"line":61,"column":6}},"14":{"start":{"line":62,"column":4},"end":{"line":62,"column":51}},"15":{"start":{"line":63,"column":4},"end":{"line":63,"column":35}},"16":{"start":{"line":72,"column":4},"end":{"line":74,"column":null}},"17":{"start":{"line":73,"column":6},"end":{"line":73,"column":63}},"18":{"start":{"line":75,"column":4},"end":{"line":75,"column":37}},"19":{"start":{"line":84,"column":4},"end":{"line":86,"column":null}},"20":{"start":{"line":85,"column":6},"end":{"line":85,"column":82}},"21":{"start":{"line":87,"column":4},"end":{"line":87,"column":37}},"22":{"start":{"line":96,"column":4},"end":{"line":96,"column":39}},"23":{"start":{"line":103,"column":24},"end":{"line":103,"column":67}},"24":{"start":{"line":104,"column":4},"end":{"line":106,"column":null}},"25":{"start":{"line":105,"column":6},"end":{"line":105,"column":39}},"26":{"start":{"line":114,"column":18},"end":{"line":114,"column":37}},"27":{"start":{"line":115,"column":4},"end":{"line":115,"column":41}},"28":{"start":{"line":116,"column":25},"end":{"line":116,"column":94}},"29":{"start":{"line":116,"column":50},"end":{"line":116,"column":84}},"30":{"start":{"line":118,"column":20},"end":{"line":118,"column":37}},"31":{"start":{"line":119,"column":17},"end":{"line":119,"column":45}},"32":{"start":{"line":120,"column":19},"end":{"line":120,"column":69}},"33":{"start":{"line":122,"column":25},"end":{"line":125,"column":24}},"34":{"start":{"line":127,"column":4},"end":{"line":127,"column":57}},"35":{"start":{"line":134,"column":44},"end":{"line":134,"column":78}},"36":{"start":{"line":135,"column":18},"end":{"line":135,"column":40}},"37":{"start":{"line":136,"column":18},"end":{"line":136,"column":40}},"38":{"start":{"line":138,"column":4},"end":{"line":138,"column":48}},"39":{"start":{"line":139,"column":4},"end":{"line":139,"column":48}},"40":{"start":{"line":140,"column":4},"end":{"line":140,"column":58}},"41":{"start":{"line":142,"column":24},"end":{"line":142,"column":73}},"42":{"start":{"line":144,"column":19},"end":{"line":153,"column":6}},"43":{"start":{"line":155,"column":20},"end":{"line":155,"column":85}},"44":{"start":{"line":157,"column":4},"end":{"line":189,"column":null}},"45":{"start":{"line":159,"column":6},"end":{"line":159,"column":55}},"46":{"start":{"line":160,"column":6},"end":{"line":164,"column":null}},"47":{"start":{"line":162,"column":8},"end":{"line":162,"column":39}},"48":{"start":{"line":163,"column":8},"end":{"line":163,"column":15}},"49":{"start":{"line":166,"column":6},"end":{"line":185,"column":null}},"50":{"start":{"line":167,"column":47},"end":{"line":167,"column":85}},"51":{"start":{"line":170,"column":28},"end":{"line":170,"column":64}},"52":{"start":{"line":171,"column":8},"end":{"line":173,"column":null}},"53":{"start":{"line":172,"column":10},"end":{"line":172,"column":53}},"54":{"start":{"line":176,"column":8},"end":{"line":176,"column":87}},"55":{"start":{"line":178,"column":8},"end":{"line":178,"column":60}},"56":{"start":{"line":181,"column":27},"end":{"line":183,"column":10}},"57":{"start":{"line":184,"column":8},"end":{"line":184,"column":41}},"58":{"start":{"line":188,"column":6},"end":{"line":188,"column":37}},"59":{"start":{"line":197,"column":18},"end":{"line":197,"column":42}},"60":{"start":{"line":198,"column":17},"end":{"line":198,"column":40}},"61":{"start":{"line":199,"column":24},"end":{"line":199,"column":60}},"62":{"start":{"line":200,"column":25},"end":{"line":200,"column":64}},"63":{"start":{"line":202,"column":4},"end":{"line":208,"column":null}},"64":{"start":{"line":203,"column":20},"end":{"line":203,"column":52}},"65":{"start":{"line":204,"column":6},"end":{"line":206,"column":null}},"66":{"start":{"line":205,"column":8},"end":{"line":205,"column":62}},"67":{"start":{"line":207,"column":6},"end":{"line":207,"column":29}},"68":{"start":{"line":210,"column":4},"end":{"line":216,"column":null}},"69":{"start":{"line":211,"column":20},"end":{"line":211,"column":45}},"70":{"start":{"line":212,"column":6},"end":{"line":214,"column":null}},"71":{"start":{"line":213,"column":8},"end":{"line":213,"column":62}},"72":{"start":{"line":215,"column":6},"end":{"line":215,"column":29}},"73":{"start":{"line":218,"column":4},"end":{"line":273,"column":null}},"74":{"start":{"line":219,"column":6},"end":{"line":225,"column":8}},"75":{"start":{"line":228,"column":29},"end":{"line":228,"column":63}},"76":{"start":{"line":230,"column":6},"end":{"line":235,"column":null}},"77":{"start":{"line":231,"column":8},"end":{"line":234,"column":11}},"78":{"start":{"line":238,"column":6},"end":{"line":247,"column":8}},"79":{"start":{"line":250,"column":6},"end":{"line":250,"column":46}},"80":{"start":{"line":251,"column":6},"end":{"line":251,"column":46}},"81":{"start":{"line":252,"column":6},"end":{"line":252,"column":49}},"82":{"start":{"line":254,"column":24},"end":{"line":257,"column":8}},"83":{"start":{"line":259,"column":6},"end":{"line":261,"column":null}},"84":{"start":{"line":260,"column":8},"end":{"line":260,"column":46}},"85":{"start":{"line":264,"column":6},"end":{"line":270,"column":8}},"86":{"start":{"line":272,"column":6},"end":{"line":272,"column":18}},"87":{"start":{"line":281,"column":4},"end":{"line":310,"column":7}},"88":{"start":{"line":282,"column":22},"end":{"line":287,"column":16}},"89":{"start":{"line":283,"column":8},"end":{"line":285,"column":null}},"90":{"start":{"line":284,"column":10},"end":{"line":284,"column":35}},"91":{"start":{"line":286,"column":8},"end":{"line":286,"column":60}},"92":{"start":{"line":289,"column":6},"end":{"line":307,"column":8}},"93":{"start":{"line":290,"column":8},"end":{"line":292,"column":null}},"94":{"start":{"line":291,"column":10},"end":{"line":291,"column":17}},"95":{"start":{"line":294,"column":21},"end":{"line":294,"column":31}},"96":{"start":{"line":295,"column":8},"end":{"line":306,"column":null}},"97":{"start":{"line":296,"column":10},"end":{"line":296,"column":32}},"98":{"start":{"line":297,"column":10},"end":{"line":300,"column":null}},"99":{"start":{"line":298,"column":12},"end":{"line":298,"column":77}},"100":{"start":{"line":299,"column":12},"end":{"line":299,"column":45}},"101":{"start":{"line":301,"column":10},"end":{"line":304,"column":null}},"102":{"start":{"line":302,"column":12},"end":{"line":302,"column":37}},"103":{"start":{"line":303,"column":12},"end":{"line":303,"column":36}},"104":{"start":{"line":305,"column":10},"end":{"line":305,"column":24}},"105":{"start":{"line":309,"column":6},"end":{"line":309,"column":68}},"106":{"start":{"line":319,"column":18},"end":{"line":319,"column":46}},"107":{"start":{"line":320,"column":19},"end":{"line":320,"column":48}},"108":{"start":{"line":321,"column":17},"end":{"line":321,"column":65}},"109":{"start":{"line":322,"column":16},"end":{"line":322,"column":68}},"110":{"start":{"line":324,"column":4},"end":{"line":328,"column":6}},"111":{"start":{"line":336,"column":4},"end":{"line":336,"column":51}},"112":{"start":{"line":344,"column":4},"end":{"line":344,"column":46}},"113":{"start":{"line":352,"column":4},"end":{"line":352,"column":42}},"114":{"start":{"line":359,"column":19},"end":{"line":359,"column":48}},"115":{"start":{"line":360,"column":20},"end":{"line":360,"column":36}},"116":{"start":{"line":363,"column":4},"end":{"line":363,"column":36}},"117":{"start":{"line":365,"column":4},"end":{"line":369,"column":null}},"118":{"start":{"line":367,"column":6},"end":{"line":367,"column":52}},"119":{"start":{"line":368,"column":6},"end":{"line":368,"column":13}},"120":{"start":{"line":371,"column":34},"end":{"line":371,"column":83}},"121":{"start":{"line":373,"column":19},"end":{"line":377,"column":6}},"122":{"start":{"line":379,"column":4},"end":{"line":423,"column":null}},"123":{"start":{"line":380,"column":6},"end":{"line":382,"column":8}},"124":{"start":{"line":383,"column":6},"end":{"line":387,"column":null}},"125":{"start":{"line":385,"column":8},"end":{"line":385,"column":95}},"126":{"start":{"line":386,"column":8},"end":{"line":386,"column":15}},"127":{"start":{"line":389,"column":6},"end":{"line":419,"column":null}},"128":{"start":{"line":391,"column":8},"end":{"line":409,"column":11}},"129":{"start":{"line":392,"column":30},"end":{"line":398,"column":17}},"130":{"start":{"line":393,"column":12},"end":{"line":397,"column":null}},"131":{"start":{"line":394,"column":14},"end":{"line":394,"column":41}},"132":{"start":{"line":395,"column":14},"end":{"line":395,"column":38}},"133":{"start":{"line":396,"column":14},"end":{"line":396,"column":24}},"134":{"start":{"line":401,"column":10},"end":{"line":408,"column":20}},"135":{"start":{"line":402,"column":12},"end":{"line":402,"column":39}},"136":{"start":{"line":403,"column":12},"end":{"line":406,"column":null}},"137":{"start":{"line":404,"column":14},"end":{"line":404,"column":39}},"138":{"start":{"line":405,"column":14},"end":{"line":405,"column":38}},"139":{"start":{"line":407,"column":12},"end":{"line":407,"column":22}},"140":{"start":{"line":412,"column":8},"end":{"line":414,"column":null}},"141":{"start":{"line":413,"column":10},"end":{"line":413,"column":55}},"142":{"start":{"line":416,"column":8},"end":{"line":416,"column":52}},"143":{"start":{"line":418,"column":8},"end":{"line":418,"column":95}},"144":{"start":{"line":422,"column":6},"end":{"line":422,"column":93}},"145":{"start":{"line":8,"column":0},"end":{"line":8,"column":13}},"146":{"start":{"line":10,"column":26},"end":{"line":10,"column":74}},"147":{"start":{"line":45,"column":26},"end":{"line":45,"column":56}},"148":{"start":{"line":46,"column":26},"end":{"line":46,"column":49}},"149":{"start":{"line":47,"column":26},"end":{"line":47,"column":44}},"150":{"start":{"line":48,"column":26},"end":{"line":48,"column":45}}},"fnMap":{"0":{"name":"(anonymous_0)","decl":{"start":{"line":13,"column":10},"end":{"line":13,"column":16}},"loc":{"start":{"line":13,"column":29},"end":{"line":30,"column":3}}},"1":{"name":"(anonymous_1)","decl":{"start":{"line":33,"column":10},"end":{"line":33,"column":16}},"loc":{"start":{"line":33,"column":43},"end":{"line":35,"column":3}}},"2":{"name":"(anonymous_2)","decl":{"start":{"line":37,"column":10},"end":{"line":37,"column":16}},"loc":{"start":{"line":37,"column":35},"end":{"line":39,"column":3}}},"3":{"name":"(anonymous_3)","decl":{"start":{"line":41,"column":10},"end":{"line":41,"column":16}},"loc":{"start":{"line":41,"column":41},"end":{"line":43,"column":3}}},"4":{"name":"(anonymous_4)","decl":{"start":{"line":56,"column":2},"end":{"line":56,"column":22}},"loc":{"start":{"line":56,"column":44},"end":{"line":64,"column":3}}},"5":{"name":"(anonymous_5)","decl":{"start":{"line":71,"column":2},"end":{"line":71,"column":8}},"loc":{"start":{"line":71,"column":42},"end":{"line":76,"column":3}}},"6":{"name":"(anonymous_6)","decl":{"start":{"line":83,"column":2},"end":{"line":83,"column":8}},"loc":{"start":{"line":83,"column":20},"end":{"line":88,"column":3}}},"7":{"name":"(anonymous_7)","decl":{"start":{"line":94,"column":10},"end":{"line":94,"column":18}},"loc":{"start":{"line":94,"column":18},"end":{"line":97,"column":3}}},"8":{"name":"(anonymous_8)","decl":{"start":{"line":102,"column":10},"end":{"line":102,"column":33}},"loc":{"start":{"line":102,"column":33},"end":{"line":107,"column":3}}},"9":{"name":"(anonymous_9)","decl":{"start":{"line":113,"column":10},"end":{"line":113,"column":15}},"loc":{"start":{"line":113,"column":37},"end":{"line":128,"column":3}}},"10":{"name":"(anonymous_10)","decl":{"start":{"line":116,"column":43},"end":{"line":116,"column":46}},"loc":{"start":{"line":116,"column":50},"end":{"line":116,"column":84}}},"11":{"name":"(anonymous_11)","decl":{"start":{"line":133,"column":2},"end":{"line":133,"column":7}},"loc":{"start":{"line":133,"column":13},"end":{"line":190,"column":3}}},"12":{"name":"(anonymous_12)","decl":{"start":{"line":196,"column":10},"end":{"line":196,"column":15}},"loc":{"start":{"line":196,"column":59},"end":{"line":274,"column":3}}},"13":{"name":"(anonymous_13)","decl":{"start":{"line":280,"column":10},"end":{"line":280,"column":35}},"loc":{"start":{"line":280,"column":35},"end":{"line":311,"column":3}}},"14":{"name":"(anonymous_14)","decl":{"start":{"line":281,"column":23},"end":{"line":281,"column":24}},"loc":{"start":{"line":281,"column":43},"end":{"line":310,"column":5}}},"15":{"name":"(anonymous_15)","decl":{"start":{"line":282,"column":33},"end":{"line":282,"column":36}},"loc":{"start":{"line":282,"column":38},"end":{"line":287,"column":7}}},"16":{"name":"(anonymous_16)","decl":{"start":{"line":289,"column":34},"end":{"line":289,"column":35}},"loc":{"start":{"line":289,"column":58},"end":{"line":307,"column":7}}},"17":{"name":"(anonymous_17)","decl":{"start":{"line":318,"column":10},"end":{"line":318,"column":25}},"loc":{"start":{"line":318,"column":37},"end":{"line":329,"column":3}}},"18":{"name":"(anonymous_18)","decl":{"start":{"line":335,"column":2},"end":{"line":335,"column":17}},"loc":{"start":{"line":335,"column":17},"end":{"line":337,"column":3}}},"19":{"name":"(anonymous_19)","decl":{"start":{"line":343,"column":2},"end":{"line":343,"column":16}},"loc":{"start":{"line":343,"column":16},"end":{"line":345,"column":3}}},"20":{"name":"(anonymous_20)","decl":{"start":{"line":351,"column":2},"end":{"line":351,"column":12}},"loc":{"start":{"line":351,"column":12},"end":{"line":353,"column":3}}},"21":{"name":"(anonymous_21)","decl":{"start":{"line":358,"column":2},"end":{"line":358,"column":7}},"loc":{"start":{"line":358,"column":14},"end":{"line":424,"column":3}}},"22":{"name":"(anonymous_22)","decl":{"start":{"line":391,"column":32},"end":{"line":391,"column":39}},"loc":{"start":{"line":391,"column":42},"end":{"line":409,"column":9}}},"23":{"name":"(anonymous_23)","decl":{"start":{"line":392,"column":42},"end":{"line":392,"column":45}},"loc":{"start":{"line":392,"column":47},"end":{"line":398,"column":11}}},"24":{"name":"(anonymous_24)","decl":{"start":{"line":401,"column":21},"end":{"line":401,"column":24}},"loc":{"start":{"line":401,"column":26},"end":{"line":408,"column":11}}}},"branchMap":{"0":{"loc":{"start":{"line":15,"column":4},"end":{"line":28,"column":null}},"type":"if","locations":[{"start":{"line":15,"column":4},"end":{"line":28,"column":null}}]},"1":{"loc":{"start":{"line":18,"column":9},"end":{"line":23,"column":65}},"type":"binary-expr","locations":[{"start":{"line":18,"column":9},"end":{"line":18,"column":55}},{"start":{"line":20,"column":8},"end":{"line":20,"column":75}},{"start":{"line":22,"column":9},"end":{"line":22,"column":42}},{"start":{"line":23,"column":11},"end":{"line":23,"column":64}}]},"2":{"loc":{"start":{"line":20,"column":8},"end":{"line":20,"column":75}},"type":"cond-expr","locations":[{"start":{"line":20,"column":36},"end":{"line":20,"column":38}},{"start":{"line":20,"column":36},"end":{"line":20,"column":75}}]},"3":{"loc":{"start":{"line":20,"column":8},"end":{"line":20,"column":38}},"type":"binary-expr","locations":[{"start":{"line":20,"column":8},"end":{"line":20,"column":38}},{"start":{"line":20,"column":36},"end":{"line":20,"column":38}}]},"4":{"loc":{"start":{"line":20,"column":8},"end":{"line":20,"column":36}},"type":"cond-expr","locations":[{"start":{"line":20,"column":31},"end":{"line":20,"column":33}},{"start":{"line":20,"column":31},"end":{"line":20,"column":36}}]},"5":{"loc":{"start":{"line":20,"column":8},"end":{"line":20,"column":33}},"type":"binary-expr","locations":[{"start":{"line":20,"column":8},"end":{"line":20,"column":33}},{"start":{"line":20,"column":31},"end":{"line":20,"column":33}}]},"6":{"loc":{"start":{"line":25,"column":6},"end":{"line":27,"column":null}},"type":"if","locations":[{"start":{"line":25,"column":6},"end":{"line":27,"column":null}}]},"7":{"loc":{"start":{"line":72,"column":4},"end":{"line":74,"column":null}},"type":"if","locations":[{"start":{"line":72,"column":4},"end":{"line":74,"column":null}}]},"8":{"loc":{"start":{"line":84,"column":4},"end":{"line":86,"column":null}},"type":"if","locations":[{"start":{"line":84,"column":4},"end":{"line":86,"column":null}}]},"9":{"loc":{"start":{"line":104,"column":4},"end":{"line":106,"column":null}},"type":"if","locations":[{"start":{"line":104,"column":4},"end":{"line":106,"column":null}}]},"10":{"loc":{"start":{"line":142,"column":24},"end":{"line":142,"column":73}},"type":"binary-expr","locations":[{"start":{"line":142,"column":24},"end":{"line":142,"column":47}},{"start":{"line":142,"column":51},"end":{"line":142,"column":73}}]},"11":{"loc":{"start":{"line":157,"column":4},"end":{"line":189,"column":null}},"type":"if","locations":[{"start":{"line":157,"column":4},"end":{"line":189,"column":null}},{"start":{"line":186,"column":11},"end":{"line":189,"column":null}}]},"12":{"loc":{"start":{"line":157,"column":8},"end":{"line":157,"column":49}},"type":"binary-expr","locations":[{"start":{"line":157,"column":8},"end":{"line":157,"column":28}},{"start":{"line":157,"column":32},"end":{"line":157,"column":49}}]},"13":{"loc":{"start":{"line":160,"column":6},"end":{"line":164,"column":null}},"type":"if","locations":[{"start":{"line":160,"column":6},"end":{"line":164,"column":null}}]},"14":{"loc":{"start":{"line":171,"column":8},"end":{"line":173,"column":null}},"type":"if","locations":[{"start":{"line":171,"column":8},"end":{"line":173,"column":null}}]},"15":{"loc":{"start":{"line":182,"column":27},"end":{"line":182,"column":83}},"type":"cond-expr","locations":[{"start":{"line":182,"column":52},"end":{"line":182,"column":65}},{"start":{"line":182,"column":68},"end":{"line":182,"column":83}}]},"16":{"loc":{"start":{"line":202,"column":4},"end":{"line":208,"column":null}},"type":"if","locations":[{"start":{"line":202,"column":4},"end":{"line":208,"column":null}}]},"17":{"loc":{"start":{"line":204,"column":6},"end":{"line":206,"column":null}},"type":"if","locations":[{"start":{"line":204,"column":6},"end":{"line":206,"column":null}}]},"18":{"loc":{"start":{"line":210,"column":4},"end":{"line":216,"column":null}},"type":"if","locations":[{"start":{"line":210,"column":4},"end":{"line":216,"column":null}}]},"19":{"loc":{"start":{"line":212,"column":6},"end":{"line":214,"column":null}},"type":"if","locations":[{"start":{"line":212,"column":6},"end":{"line":214,"column":null}}]},"20":{"loc":{"start":{"line":222,"column":8},"end":{"line":222,"column":57}},"type":"binary-expr","locations":[{"start":{"line":222,"column":8},"end":{"line":222,"column":31}},{"start":{"line":222,"column":35},"end":{"line":222,"column":57}}]},"21":{"loc":{"start":{"line":230,"column":6},"end":{"line":235,"column":null}},"type":"if","locations":[{"start":{"line":230,"column":6},"end":{"line":235,"column":null}}]},"22":{"loc":{"start":{"line":259,"column":6},"end":{"line":261,"column":null}},"type":"if","locations":[{"start":{"line":259,"column":6},"end":{"line":261,"column":null}}]},"23":{"loc":{"start":{"line":283,"column":8},"end":{"line":285,"column":null}},"type":"if","locations":[{"start":{"line":283,"column":8},"end":{"line":285,"column":null}}]},"24":{"loc":{"start":{"line":290,"column":8},"end":{"line":292,"column":null}},"type":"if","locations":[{"start":{"line":290,"column":8},"end":{"line":292,"column":null}}]},"25":{"loc":{"start":{"line":295,"column":8},"end":{"line":306,"column":null}},"type":"if","locations":[{"start":{"line":295,"column":8},"end":{"line":306,"column":null}}]},"26":{"loc":{"start":{"line":297,"column":10},"end":{"line":300,"column":null}},"type":"if","locations":[{"start":{"line":297,"column":10},"end":{"line":300,"column":null}}]},"27":{"loc":{"start":{"line":301,"column":10},"end":{"line":304,"column":null}},"type":"if","locations":[{"start":{"line":301,"column":10},"end":{"line":304,"column":null}}]},"28":{"loc":{"start":{"line":360,"column":20},"end":{"line":360,"column":36}},"type":"cond-expr","locations":[{"start":{"line":360,"column":26},"end":{"line":360,"column":28}},{"start":{"line":360,"column":20},"end":{"line":360,"column":36}}]},"29":{"loc":{"start":{"line":360,"column":20},"end":{"line":360,"column":28}},"type":"binary-expr","locations":[{"start":{"line":360,"column":20},"end":{"line":360,"column":28}},{"start":{"line":360,"column":20},"end":{"line":360,"column":28}}]},"30":{"loc":{"start":{"line":365,"column":4},"end":{"line":369,"column":null}},"type":"if","locations":[{"start":{"line":365,"column":4},"end":{"line":369,"column":null}}]},"31":{"loc":{"start":{"line":371,"column":34},"end":{"line":371,"column":83}},"type":"binary-expr","locations":[{"start":{"line":371,"column":34},"end":{"line":371,"column":57}},{"start":{"line":371,"column":61},"end":{"line":371,"column":83}}]},"32":{"loc":{"start":{"line":379,"column":4},"end":{"line":423,"column":null}},"type":"if","locations":[{"start":{"line":379,"column":4},"end":{"line":423,"column":null}},{"start":{"line":420,"column":11},"end":{"line":423,"column":null}}]},"33":{"loc":{"start":{"line":379,"column":8},"end":{"line":379,"column":49}},"type":"binary-expr","locations":[{"start":{"line":379,"column":8},"end":{"line":379,"column":28}},{"start":{"line":379,"column":32},"end":{"line":379,"column":49}}]},"34":{"loc":{"start":{"line":383,"column":6},"end":{"line":387,"column":null}},"type":"if","locations":[{"start":{"line":383,"column":6},"end":{"line":387,"column":null}}]},"35":{"loc":{"start":{"line":393,"column":12},"end":{"line":397,"column":null}},"type":"if","locations":[{"start":{"line":393,"column":12},"end":{"line":397,"column":null}}]},"36":{"loc":{"start":{"line":393,"column":16},"end":{"line":393,"column":40}},"type":"cond-expr","locations":[{"start":{"line":393,"column":32},"end":{"line":393,"column":34}},{"start":{"line":393,"column":32},"end":{"line":393,"column":40}}]},"37":{"loc":{"start":{"line":393,"column":16},"end":{"line":393,"column":34}},"type":"binary-expr","locations":[{"start":{"line":393,"column":16},"end":{"line":393,"column":34}},{"start":{"line":393,"column":32},"end":{"line":393,"column":34}}]},"38":{"loc":{"start":{"line":403,"column":12},"end":{"line":406,"column":null}},"type":"if","locations":[{"start":{"line":403,"column":12},"end":{"line":406,"column":null}}]},"39":{"loc":{"start":{"line":412,"column":8},"end":{"line":414,"column":null}},"type":"if","locations":[{"start":{"line":412,"column":8},"end":{"line":414,"column":null}}]}},"s":{"0":1,"1":1,"2":1,"3":2,"4":2,"5":2,"6":0,"7":2,"8":2,"9":0,"10":0,"11":1,"12":1,"13":1,"14":1,"15":1,"16":8,"17":1,"18":8,"19":0,"20":0,"21":0,"22":2,"23":1,"24":1,"25":0,"26":2,"27":2,"28":2,"29":64,"30":2,"31":2,"32":2,"33":2,"34":2,"35":2,"36":2,"37":2,"38":2,"39":2,"40":2,"41":2,"42":2,"43":2,"44":2,"45":0,"46":0,"47":0,"48":0,"49":0,"50":0,"51":0,"52":0,"53":0,"54":0,"55":0,"56":0,"57":0,"58":2,"59":0,"60":0,"61":0,"62":0,"63":0,"64":0,"65":0,"66":0,"67":0,"68":0,"69":0,"70":0,"71":0,"72":0,"73":0,"74":0,"75":0,"76":0,"77":0,"78":0,"79":0,"80":0,"81":0,"82":0,"83":0,"84":0,"85":0,"86":0,"87":0,"88":0,"89":0,"90":0,"91":0,"92":0,"93":0,"94":0,"95":0,"96":0,"97":0,"98":0,"99":0,"100":0,"101":0,"102":0,"103":0,"104":0,"105":0,"106":0,"107":0,"108":0,"109":0,"110":0,"111":2,"112":0,"113":0,"114":1,"115":1,"116":1,"117":1,"118":1,"119":1,"120":0,"121":0,"122":0,"123":0,"124":0,"125":0,"126":0,"127":0,"128":0,"129":0,"130":0,"131":0,"132":0,"133":0,"134":0,"135":0,"136":0,"137":0,"138":0,"139":0,"140":0,"141":0,"142":0,"143":0,"144":0,"145":1,"146":1,"147":1,"148":1,"149":1,"150":1},"f":{"0":2,"1":2,"2":0,"3":0,"4":1,"5":8,"6":0,"7":2,"8":1,"9":2,"10":64,"11":2,"12":0,"13":0,"14":0,"15":0,"16":0,"17":0,"18":2,"19":0,"20":0,"21":1,"22":0,"23":0,"24":0},"b":{"0":[2],"1":[2,2,2,2],"2":[0,2],"3":[2,2],"4":[0,2],"5":[2,2],"6":[0],"7":[1],"8":[0],"9":[0],"10":[2,0],"11":[0,2],"12":[2,0],"13":[0],"14":[0],"15":[0,0],"16":[0],"17":[0],"18":[0],"19":[0],"20":[0,0],"21":[0],"22":[0],"23":[0],"24":[0],"25":[0],"26":[0],"27":[0],"28":[1,0],"29":[1,0],"30":[1],"31":[0,0],"32":[0,0],"33":[0,0],"34":[0],"35":[0],"36":[0,0],"37":[0,0],"38":[0],"39":[0]}}
,"C:\\Users\\lord_\\Repos\\keysako-js\\packages\\core\\src\\KeysakoButton.ts": {"path":"C:\\Users\\lord_\\Repos\\keysako-js\\packages\\core\\src\\KeysakoButton.ts","statementMap":{"0":{"start":{"line":1,"column":0},"end":{"line":1,"column":54}},"1":{"start":{"line":2,"column":0},"end":{"line":2,"column":40}},"2":{"start":{"line":3,"column":0},"end":{"line":3,"column":46}},"3":{"start":{"line":4,"column":0},"end":{"line":4,"column":71}},"4":{"start":{"line":5,"column":0},"end":{"line":5,"column":43}},"5":{"start":{"line":10,"column":13},"end":{"line":13,"column":8}},"6":{"start":{"line":32,"column":34},"end":{"line":37,"column":4}},"7":{"start":{"line":40,"column":15},"end":{"line":40,"column":49}},"8":{"start":{"line":43,"column":51},"end":{"line":69,"column":4}},"9":{"start":{"line":71,"column":2},"end":{"line":71,"column":43}},"10":{"start":{"line":30,"column":0},"end":{"line":30,"column":16}},"11":{"start":{"line":81,"column":10},"end":{"line":81,"column":51}},"12":{"start":{"line":83,"column":10},"end":{"line":83,"column":45}},"13":{"start":{"line":90,"column":4},"end":{"line":96,"column":6}},"14":{"start":{"line":98,"column":4},"end":{"line":100,"column":null}},"15":{"start":{"line":99,"column":6},"end":{"line":99,"column":61}},"16":{"start":{"line":102,"column":4},"end":{"line":102,"column":51}},"17":{"start":{"line":103,"column":4},"end":{"line":103,"column":30}},"18":{"start":{"line":110,"column":4},"end":{"line":118,"column":7}},"19":{"start":{"line":116,"column":8},"end":{"line":116,"column":38}},"20":{"start":{"line":126,"column":4},"end":{"line":134,"column":null}},"21":{"start":{"line":127,"column":6},"end":{"line":129,"column":null}},"22":{"start":{"line":128,"column":8},"end":{"line":128,"column":39}},"23":{"start":{"line":131,"column":6},"end":{"line":133,"column":null}},"24":{"start":{"line":132,"column":8},"end":{"line":132,"column":73}},"25":{"start":{"line":137,"column":4},"end":{"line":137,"column":29}},"26":{"start":{"line":145,"column":19},"end":{"line":145,"column":51}},"27":{"start":{"line":146,"column":4},"end":{"line":146,"column":40}},"28":{"start":{"line":148,"column":4},"end":{"line":150,"column":null}},"29":{"start":{"line":149,"column":6},"end":{"line":149,"column":40}},"30":{"start":{"line":153,"column":21},"end":{"line":153,"column":70}},"31":{"start":{"line":154,"column":23},"end":{"line":154,"column":46}},"32":{"start":{"line":157,"column":4},"end":{"line":160,"column":null}},"33":{"start":{"line":158,"column":6},"end":{"line":158,"column":40}},"34":{"start":{"line":159,"column":6},"end":{"line":159,"column":71}},"35":{"start":{"line":163,"column":26},"end":{"line":163,"column":56}},"36":{"start":{"line":164,"column":4},"end":{"line":164,"column":52}},"37":{"start":{"line":165,"column":4},"end":{"line":165,"column":38}},"38":{"start":{"line":168,"column":4},"end":{"line":188,"column":null}},"39":{"start":{"line":169,"column":6},"end":{"line":185,"column":null}},"40":{"start":{"line":170,"column":21},"end":{"line":170,"column":51}},"41":{"start":{"line":171,"column":8},"end":{"line":171,"column":47}},"42":{"start":{"line":172,"column":8},"end":{"line":174,"column":30}},"43":{"start":{"line":175,"column":8},"end":{"line":175,"column":33}},"44":{"start":{"line":176,"column":8},"end":{"line":176,"column":42}},"45":{"start":{"line":178,"column":8},"end":{"line":178,"column":42}},"46":{"start":{"line":179,"column":21},"end":{"line":179,"column":51}},"47":{"start":{"line":180,"column":8},"end":{"line":180,"column":47}},"48":{"start":{"line":181,"column":8},"end":{"line":183,"column":30}},"49":{"start":{"line":184,"column":8},"end":{"line":184,"column":33}},"50":{"start":{"line":187,"column":6},"end":{"line":187,"column":40}},"51":{"start":{"line":191,"column":4},"end":{"line":196,"column":null}},"52":{"start":{"line":192,"column":20},"end":{"line":192,"column":50}},"53":{"start":{"line":193,"column":6},"end":{"line":193,"column":51}},"54":{"start":{"line":194,"column":6},"end":{"line":194,"column":90}},"55":{"start":{"line":195,"column":6},"end":{"line":195,"column":32}},"56":{"start":{"line":199,"column":4},"end":{"line":199,"column":28}},"57":{"start":{"line":202,"column":4},"end":{"line":202,"column":66}},"58":{"start":{"line":205,"column":4},"end":{"line":205,"column":26}},"59":{"start":{"line":208,"column":4},"end":{"line":208,"column":87}},"60":{"start":{"line":208,"column":61},"end":{"line":208,"column":85}},"61":{"start":{"line":209,"column":4},"end":{"line":209,"column":87}},"62":{"start":{"line":209,"column":61},"end":{"line":209,"column":85}},"63":{"start":{"line":211,"column":4},"end":{"line":211,"column":18}},"64":{"start":{"line":219,"column":18},"end":{"line":219,"column":84}},"65":{"start":{"line":222,"column":4},"end":{"line":222,"column":67}},"66":{"start":{"line":223,"column":4},"end":{"line":223,"column":65}},"67":{"start":{"line":224,"column":4},"end":{"line":224,"column":67}},"68":{"start":{"line":225,"column":4},"end":{"line":225,"column":70}},"69":{"start":{"line":226,"column":4},"end":{"line":226,"column":67}},"70":{"start":{"line":230,"column":6},"end":{"line":234,"column":13}},"71":{"start":{"line":235,"column":4},"end":{"line":235,"column":61}},"72":{"start":{"line":238,"column":4},"end":{"line":254,"column":null}},"73":{"start":{"line":239,"column":6},"end":{"line":239,"column":61}},"74":{"start":{"line":240,"column":6},"end":{"line":240,"column":64}},"75":{"start":{"line":241,"column":11},"end":{"line":254,"column":null}},"76":{"start":{"line":242,"column":6},"end":{"line":242,"column":61}},"77":{"start":{"line":243,"column":6},"end":{"line":243,"column":64}},"78":{"start":{"line":247,"column":22},"end":{"line":249,"column":44}},"79":{"start":{"line":250,"column":24},"end":{"line":250,"column":60}},"80":{"start":{"line":252,"column":6},"end":{"line":252,"column":62}},"81":{"start":{"line":253,"column":6},"end":{"line":253,"column":67}},"82":{"start":{"line":256,"column":4},"end":{"line":258,"column":null}},"83":{"start":{"line":257,"column":6},"end":{"line":257,"column":86}},"84":{"start":{"line":260,"column":4},"end":{"line":262,"column":null}},"85":{"start":{"line":261,"column":6},"end":{"line":261,"column":78}},"86":{"start":{"line":269,"column":4},"end":{"line":272,"column":null}},"87":{"start":{"line":270,"column":6},"end":{"line":270,"column":63}},"88":{"start":{"line":271,"column":6},"end":{"line":271,"column":13}},"89":{"start":{"line":274,"column":4},"end":{"line":278,"column":null}},"90":{"start":{"line":275,"column":6},"end":{"line":275,"column":29}},"91":{"start":{"line":277,"column":6},"end":{"line":277,"column":28}},"92":{"start":{"line":285,"column":4},"end":{"line":285,"column":30}},"93":{"start":{"line":285,"column":23},"end":{"line":285,"column":30}},"94":{"start":{"line":287,"column":21},"end":{"line":287,"column":70}},"95":{"start":{"line":288,"column":23},"end":{"line":288,"column":46}},"96":{"start":{"line":290,"column":24},"end":{"line":290,"column":74}},"97":{"start":{"line":291,"column":4},"end":{"line":295,"column":null}},"98":{"start":{"line":292,"column":6},"end":{"line":294,"column":28}},"99":{"start":{"line":303,"column":4},"end":{"line":380,"column":6}},"100":{"start":{"line":79,"column":0},"end":{"line":79,"column":13}}},"fnMap":{"0":{"name":"getButtonText","decl":{"start":{"line":30,"column":16},"end":{"line":30,"column":29}},"loc":{"start":{"line":30,"column":44},"end":{"line":72,"column":1}}},"1":{"name":"(anonymous_1)","decl":{"start":{"line":89,"column":2},"end":{"line":89,"column":14}},"loc":{"start":{"line":89,"column":43},"end":{"line":104,"column":3}}},"2":{"name":"(anonymous_2)","decl":{"start":{"line":109,"column":10},"end":{"line":109,"column":28}},"loc":{"start":{"line":109,"column":28},"end":{"line":119,"column":3}}},"3":{"name":"(anonymous_3)","decl":{"start":{"line":115,"column":22},"end":{"line":115,"column":23}},"loc":{"start":{"line":115,"column":45},"end":{"line":117,"column":7}}},"4":{"name":"(anonymous_4)","decl":{"start":{"line":125,"column":10},"end":{"line":125,"column":26}},"loc":{"start":{"line":125,"column":45},"end":{"line":138,"column":3}}},"5":{"name":"(anonymous_5)","decl":{"start":{"line":144,"column":2},"end":{"line":144,"column":21}},"loc":{"start":{"line":144,"column":21},"end":{"line":212,"column":3}}},"6":{"name":"(anonymous_6)","decl":{"start":{"line":208,"column":55},"end":{"line":208,"column":58}},"loc":{"start":{"line":208,"column":61},"end":{"line":208,"column":85}}},"7":{"name":"(anonymous_7)","decl":{"start":{"line":209,"column":55},"end":{"line":209,"column":58}},"loc":{"start":{"line":209,"column":61},"end":{"line":209,"column":85}}},"8":{"name":"(anonymous_8)","decl":{"start":{"line":218,"column":10},"end":{"line":218,"column":20}},"loc":{"start":{"line":218,"column":40},"end":{"line":263,"column":3}}},"9":{"name":"(anonymous_9)","decl":{"start":{"line":268,"column":10},"end":{"line":268,"column":21}},"loc":{"start":{"line":268,"column":21},"end":{"line":279,"column":3}}},"10":{"name":"(anonymous_10)","decl":{"start":{"line":284,"column":10},"end":{"line":284,"column":27}},"loc":{"start":{"line":284,"column":27},"end":{"line":296,"column":3}}},"11":{"name":"(anonymous_11)","decl":{"start":{"line":302,"column":2},"end":{"line":302,"column":11}},"loc":{"start":{"line":302,"column":11},"end":{"line":381,"column":3}}}},"branchMap":{"0":{"loc":{"start":{"line":71,"column":9},"end":{"line":71,"column":42}},"type":"binary-expr","locations":[{"start":{"line":71,"column":9},"end":{"line":71,"column":27}},{"start":{"line":71,"column":31},"end":{"line":71,"column":42}}]},"1":{"loc":{"start":{"line":98,"column":4},"end":{"line":100,"column":null}},"type":"if","locations":[{"start":{"line":98,"column":4},"end":{"line":100,"column":null}}]},"2":{"loc":{"start":{"line":126,"column":4},"end":{"line":134,"column":null}},"type":"if","locations":[{"start":{"line":126,"column":4},"end":{"line":134,"column":null}},{"start":{"line":130,"column":11},"end":{"line":134,"column":null}}]},"3":{"loc":{"start":{"line":127,"column":6},"end":{"line":129,"column":null}},"type":"if","locations":[{"start":{"line":127,"column":6},"end":{"line":129,"column":null}}]},"4":{"loc":{"start":{"line":131,"column":6},"end":{"line":133,"column":null}},"type":"if","locations":[{"start":{"line":131,"column":6},"end":{"line":133,"column":null}}]},"5":{"loc":{"start":{"line":132,"column":38},"end":{"line":132,"column":69}},"type":"binary-expr","locations":[{"start":{"line":132,"column":38},"end":{"line":132,"column":50}},{"start":{"line":132,"column":54},"end":{"line":132,"column":69}}]},"6":{"loc":{"start":{"line":148,"column":4},"end":{"line":150,"column":null}},"type":"if","locations":[{"start":{"line":148,"column":4},"end":{"line":150,"column":null}}]},"7":{"loc":{"start":{"line":153,"column":21},"end":{"line":153,"column":70}},"type":"binary-expr","locations":[{"start":{"line":153,"column":21},"end":{"line":153,"column":40}},{"start":{"line":153,"column":44},"end":{"line":153,"column":62}},{"start":{"line":153,"column":66},"end":{"line":153,"column":70}}]},"8":{"loc":{"start":{"line":157,"column":4},"end":{"line":160,"column":null}},"type":"if","locations":[{"start":{"line":157,"column":4},"end":{"line":160,"column":null}}]},"9":{"loc":{"start":{"line":168,"column":4},"end":{"line":188,"column":null}},"type":"if","locations":[{"start":{"line":168,"column":4},"end":{"line":188,"column":null}},{"start":{"line":186,"column":11},"end":{"line":188,"column":null}}]},"10":{"loc":{"start":{"line":169,"column":6},"end":{"line":185,"column":null}},"type":"if","locations":[{"start":{"line":169,"column":6},"end":{"line":185,"column":null}},{"start":{"line":177,"column":13},"end":{"line":185,"column":null}}]},"11":{"loc":{"start":{"line":172,"column":27},"end":{"line":174,"column":29}},"type":"cond-expr","locations":[{"start":{"line":173,"column":12},"end":{"line":173,"column":30}},{"start":{"line":174,"column":12},"end":{"line":174,"column":29}}]},"12":{"loc":{"start":{"line":181,"column":27},"end":{"line":183,"column":29}},"type":"cond-expr","locations":[{"start":{"line":182,"column":12},"end":{"line":182,"column":30}},{"start":{"line":183,"column":12},"end":{"line":183,"column":29}}]},"13":{"loc":{"start":{"line":191,"column":4},"end":{"line":196,"column":null}},"type":"if","locations":[{"start":{"line":191,"column":4},"end":{"line":196,"column":null}}]},"14":{"loc":{"start":{"line":219,"column":18},"end":{"line":219,"column":84}},"type":"binary-expr","locations":[{"start":{"line":219,"column":18},"end":{"line":219,"column":60}},{"start":{"line":219,"column":64},"end":{"line":219,"column":84}}]},"15":{"loc":{"start":{"line":230,"column":6},"end":{"line":234,"column":13}},"type":"cond-expr","locations":[{"start":{"line":231,"column":10},"end":{"line":231,"column":15}},{"start":{"line":232,"column":10},"end":{"line":234,"column":13}}]},"16":{"loc":{"start":{"line":230,"column":6},"end":{"line":230,"column":63}},"type":"binary-expr","locations":[{"start":{"line":230,"column":6},"end":{"line":230,"column":27}},{"start":{"line":230,"column":31},"end":{"line":230,"column":63}}]},"17":{"loc":{"start":{"line":232,"column":10},"end":{"line":234,"column":13}},"type":"cond-expr","locations":[{"start":{"line":233,"column":10},"end":{"line":233,"column":15}},{"start":{"line":234,"column":10},"end":{"line":234,"column":13}}]},"18":{"loc":{"start":{"line":238,"column":4},"end":{"line":254,"column":null}},"type":"if","locations":[{"start":{"line":238,"column":4},"end":{"line":254,"column":null}},{"start":{"line":241,"column":11},"end":{"line":254,"column":null}}]},"19":{"loc":{"start":{"line":241,"column":11},"end":{"line":254,"column":null}},"type":"if","locations":[{"start":{"line":241,"column":11},"end":{"line":254,"column":null}},{"start":{"line":244,"column":11},"end":{"line":254,"column":null}}]},"20":{"loc":{"start":{"line":247,"column":22},"end":{"line":249,"column":44}},"type":"cond-expr","locations":[{"start":{"line":248,"column":10},"end":{"line":248,"column":16}},{"start":{"line":249,"column":10},"end":{"line":249,"column":44}}]},"21":{"loc":{"start":{"line":250,"column":24},"end":{"line":250,"column":60}},"type":"cond-expr","locations":[{"start":{"line":250,"column":45},"end":{"line":250,"column":51}},{"start":{"line":250,"column":54},"end":{"line":250,"column":60}}]},"22":{"loc":{"start":{"line":256,"column":4},"end":{"line":258,"column":null}},"type":"if","locations":[{"start":{"line":256,"column":4},"end":{"line":258,"column":null}}]},"23":{"loc":{"start":{"line":260,"column":4},"end":{"line":262,"column":null}},"type":"if","locations":[{"start":{"line":260,"column":4},"end":{"line":262,"column":null}}]},"24":{"loc":{"start":{"line":269,"column":4},"end":{"line":272,"column":null}},"type":"if","locations":[{"start":{"line":269,"column":4},"end":{"line":272,"column":null}}]},"25":{"loc":{"start":{"line":274,"column":4},"end":{"line":278,"column":null}},"type":"if","locations":[{"start":{"line":274,"column":4},"end":{"line":278,"column":null}},{"start":{"line":276,"column":11},"end":{"line":278,"column":null}}]},"26":{"loc":{"start":{"line":285,"column":4},"end":{"line":285,"column":30}},"type":"if","locations":[{"start":{"line":285,"column":4},"end":{"line":285,"column":30}}]},"27":{"loc":{"start":{"line":287,"column":21},"end":{"line":287,"column":70}},"type":"binary-expr","locations":[{"start":{"line":287,"column":21},"end":{"line":287,"column":40}},{"start":{"line":287,"column":44},"end":{"line":287,"column":62}},{"start":{"line":287,"column":66},"end":{"line":287,"column":70}}]},"28":{"loc":{"start":{"line":291,"column":4},"end":{"line":295,"column":null}},"type":"if","locations":[{"start":{"line":291,"column":4},"end":{"line":295,"column":null}}]},"29":{"loc":{"start":{"line":292,"column":32},"end":{"line":294,"column":27}},"type":"cond-expr","locations":[{"start":{"line":293,"column":10},"end":{"line":293,"column":28}},{"start":{"line":294,"column":10},"end":{"line":294,"column":27}}]}},"s":{"0":0,"1":0,"2":0,"3":0,"4":0,"5":0,"6":0,"7":0,"8":0,"9":0,"10":0,"11":0,"12":0,"13":0,"14":0,"15":0,"16":0,"17":0,"18":0,"19":0,"20":0,"21":0,"22":0,"23":0,"24":0,"25":0,"26":0,"27":0,"28":0,"29":0,"30":0,"31":0,"32":0,"33":0,"34":0,"35":0,"36":0,"37":0,"38":0,"39":0,"40":0,"41":0,"42":0,"43":0,"44":0,"45":0,"46":0,"47":0,"48":0,"49":0,"50":0,"51":0,"52":0,"53":0,"54":0,"55":0,"56":0,"57":0,"58":0,"59":0,"60":0,"61":0,"62":0,"63":0,"64":0,"65":0,"66":0,"67":0,"68":0,"69":0,"70":0,"71":0,"72":0,"73":0,"74":0,"75":0,"76":0,"77":0,"78":0,"79":0,"80":0,"81":0,"82":0,"83":0,"84":0,"85":0,"86":0,"87":0,"88":0,"89":0,"90":0,"91":0,"92":0,"93":0,"94":0,"95":0,"96":0,"97":0,"98":0,"99":0,"100":0},"f":{"0":0,"1":0,"2":0,"3":0,"4":0,"5":0,"6":0,"7":0,"8":0,"9":0,"10":0,"11":0},"b":{"0":[0,0],"1":[0],"2":[0,0],"3":[0],"4":[0],"5":[0,0],"6":[0],"7":[0,0,0],"8":[0],"9":[0,0],"10":[0,0],"11":[0,0],"12":[0,0],"13":[0],"14":[0,0],"15":[0,0],"16":[0,0],"17":[0,0],"18":[0,0],"19":[0,0],"20":[0,0],"21":[0,0],"22":[0],"23":[0],"24":[0],"25":[0,0],"26":[0],"27":[0,0,0],"28":[0],"29":[0,0]}}
,"C:\\Users\\lord_\\Repos\\keysako-js\\packages\\core\\src\\KeysakoConnectElement.ts": {"path":"C:\\Users\\lord_\\Repos\\keysako-js\\packages\\core\\src\\KeysakoConnectElement.ts","statementMap":{"0":{"start":{"line":1,"column":0},"end":{"line":1,"column":48}},"1":{"start":{"line":29,"column":4},"end":{"line":29,"column":12}},"2":{"start":{"line":24,"column":10},"end":{"line":24,"column":47}},"3":{"start":{"line":30,"column":4},"end":{"line":30,"column":55}},"4":{"start":{"line":37,"column":4},"end":{"line":47,"column":6}},"5":{"start":{"line":54,"column":4},"end":{"line":54,"column":23}},"6":{"start":{"line":61,"column":4},"end":{"line":63,"column":null}},"7":{"start":{"line":62,"column":6},"end":{"line":62,"column":25}},"8":{"start":{"line":70,"column":4},"end":{"line":152,"column":null}},"9":{"start":{"line":72,"column":23},"end":{"line":72,"column":53}},"10":{"start":{"line":73,"column":26},"end":{"line":73,"column":59}},"11":{"start":{"line":74,"column":20},"end":{"line":74,"column":59}},"12":{"start":{"line":75,"column":20},"end":{"line":75,"column":59}},"13":{"start":{"line":76,"column":18},"end":{"line":76,"column":92}},"14":{"start":{"line":77,"column":23},"end":{"line":77,"column":53}},"15":{"start":{"line":78,"column":23},"end":{"line":78,"column":53}},"16":{"start":{"line":79,"column":21},"end":{"line":79,"column":48}},"17":{"start":{"line":80,"column":23},"end":{"line":80,"column":52}},"18":{"start":{"line":83,"column":6},"end":{"line":86,"column":null}},"19":{"start":{"line":84,"column":8},"end":{"line":84,"column":72}},"20":{"start":{"line":85,"column":8},"end":{"line":85,"column":15}},"21":{"start":{"line":89,"column":45},"end":{"line":98,"column":8}},"22":{"start":{"line":101,"column":6},"end":{"line":118,"column":null}},"23":{"start":{"line":102,"column":28},"end":{"line":102,"column":52}},"24":{"start":{"line":103,"column":8},"end":{"line":117,"column":null}},"25":{"start":{"line":104,"column":10},"end":{"line":108,"column":12}},"26":{"start":{"line":105,"column":12},"end":{"line":107,"column":null}},"27":{"start":{"line":106,"column":15},"end":{"line":106,"column":48}},"28":{"start":{"line":109,"column":10},"end":{"line":114,"column":12}},"29":{"start":{"line":110,"column":12},"end":{"line":110,"column":66}},"30":{"start":{"line":111,"column":12},"end":{"line":113,"column":null}},"31":{"start":{"line":112,"column":15},"end":{"line":112,"column":51}},"32":{"start":{"line":116,"column":10},"end":{"line":116,"column":89}},"33":{"start":{"line":121,"column":6},"end":{"line":121,"column":48}},"34":{"start":{"line":124,"column":6},"end":{"line":126,"column":null}},"35":{"start":{"line":125,"column":8},"end":{"line":125,"column":58}},"36":{"start":{"line":129,"column":20},"end":{"line":129,"column":51}},"37":{"start":{"line":130,"column":6},"end":{"line":130,"column":51}},"38":{"start":{"line":131,"column":6},"end":{"line":131,"column":38}},"39":{"start":{"line":134,"column":28},"end":{"line":134,"column":62}},"40":{"start":{"line":135,"column":6},"end":{"line":135,"column":46}},"41":{"start":{"line":137,"column":6},"end":{"line":137,"column":65}},"42":{"start":{"line":139,"column":27},"end":{"line":139,"column":56}},"43":{"start":{"line":140,"column":6},"end":{"line":140,"column":39}},"44":{"start":{"line":141,"column":6},"end":{"line":141,"column":42}},"45":{"start":{"line":142,"column":6},"end":{"line":142,"column":50}},"46":{"start":{"line":143,"column":6},"end":{"line":143,"column":46}},"47":{"start":{"line":144,"column":6},"end":{"line":144,"column":69}},"48":{"start":{"line":147,"column":6},"end":{"line":149,"column":null}},"49":{"start":{"line":148,"column":8},"end":{"line":148,"column":58}},"50":{"start":{"line":151,"column":6},"end":{"line":151,"column":45}},"51":{"start":{"line":23,"column":0},"end":{"line":23,"column":13}},"52":{"start":{"line":26,"column":16},"end":{"line":26,"column":36}},"53":{"start":{"line":160,"column":2},"end":{"line":169,"column":null}},"54":{"start":{"line":161,"column":4},"end":{"line":168,"column":null}},"55":{"start":{"line":162,"column":6},"end":{"line":165,"column":null}},"56":{"start":{"line":163,"column":8},"end":{"line":163,"column":72}},"57":{"start":{"line":164,"column":8},"end":{"line":164,"column":49}},"58":{"start":{"line":167,"column":6},"end":{"line":167,"column":74}},"59":{"start":{"line":159,"column":0},"end":{"line":159,"column":16}},"60":{"start":{"line":173,"column":0},"end":{"line":182,"column":null}},"61":{"start":{"line":175,"column":2},"end":{"line":181,"column":null}},"62":{"start":{"line":176,"column":4},"end":{"line":178,"column":7}},"63":{"start":{"line":177,"column":6},"end":{"line":177,"column":38}},"64":{"start":{"line":180,"column":4},"end":{"line":180,"column":36}}},"fnMap":{"0":{"name":"(anonymous_0)","decl":{"start":{"line":28,"column":2},"end":{"line":28,"column":null}},"loc":{"start":{"line":28,"column":2},"end":{"line":31,"column":3}}},"1":{"name":"(anonymous_1)","decl":{"start":{"line":36,"column":2},"end":{"line":36,"column":8}},"loc":{"start":{"line":36,"column":31},"end":{"line":48,"column":3}}},"2":{"name":"(anonymous_2)","decl":{"start":{"line":53,"column":2},"end":{"line":53,"column":19}},"loc":{"start":{"line":53,"column":19},"end":{"line":55,"column":3}}},"3":{"name":"(anonymous_3)","decl":{"start":{"line":60,"column":2},"end":{"line":60,"column":26}},"loc":{"start":{"line":60,"column":75},"end":{"line":64,"column":3}}},"4":{"name":"(anonymous_4)","decl":{"start":{"line":69,"column":10},"end":{"line":69,"column":21}},"loc":{"start":{"line":69,"column":21},"end":{"line":153,"column":3}}},"5":{"name":"(anonymous_5)","decl":{"start":{"line":104,"column":30},"end":{"line":104,"column":31}},"loc":{"start":{"line":104,"column":53},"end":{"line":108,"column":11}}},"6":{"name":"(anonymous_6)","decl":{"start":{"line":109,"column":28},"end":{"line":109,"column":29}},"loc":{"start":{"line":109,"column":43},"end":{"line":114,"column":11}}},"7":{"name":"registerKeysakoConnectElement","decl":{"start":{"line":159,"column":16},"end":{"line":159,"column":45}},"loc":{"start":{"line":159,"column":45},"end":{"line":170,"column":1}}},"8":{"name":"(anonymous_8)","decl":{"start":{"line":176,"column":50},"end":{"line":176,"column":53}},"loc":{"start":{"line":176,"column":55},"end":{"line":178,"column":5}}}},"branchMap":{"0":{"loc":{"start":{"line":61,"column":4},"end":{"line":63,"column":null}},"type":"if","locations":[{"start":{"line":61,"column":4},"end":{"line":63,"column":null}}]},"1":{"loc":{"start":{"line":74,"column":20},"end":{"line":74,"column":59}},"type":"binary-expr","locations":[{"start":{"line":74,"column":20},"end":{"line":74,"column":46}},{"start":{"line":74,"column":50},"end":{"line":74,"column":59}}]},"2":{"loc":{"start":{"line":75,"column":20},"end":{"line":75,"column":59}},"type":"binary-expr","locations":[{"start":{"line":75,"column":20},"end":{"line":75,"column":46}},{"start":{"line":75,"column":50},"end":{"line":75,"column":59}}]},"3":{"loc":{"start":{"line":76,"column":18},"end":{"line":76,"column":92}},"type":"cond-expr","locations":[{"start":{"line":76,"column":45},"end":{"line":76,"column":80}},{"start":{"line":76,"column":83},"end":{"line":76,"column":92}}]},"4":{"loc":{"start":{"line":83,"column":6},"end":{"line":86,"column":null}},"type":"if","locations":[{"start":{"line":83,"column":6},"end":{"line":86,"column":null}}]},"5":{"loc":{"start":{"line":91,"column":21},"end":{"line":91,"column":45}},"type":"binary-expr","locations":[{"start":{"line":91,"column":21},"end":{"line":91,"column":32}},{"start":{"line":91,"column":36},"end":{"line":91,"column":45}}]},"6":{"loc":{"start":{"line":97,"column":16},"end":{"line":97,"column":35}},"type":"binary-expr","locations":[{"start":{"line":97,"column":16},"end":{"line":97,"column":22}},{"start":{"line":97,"column":26},"end":{"line":97,"column":35}}]},"7":{"loc":{"start":{"line":101,"column":6},"end":{"line":118,"column":null}},"type":"if","locations":[{"start":{"line":101,"column":6},"end":{"line":118,"column":null}}]},"8":{"loc":{"start":{"line":101,"column":10},"end":{"line":101,"column":51}},"type":"binary-expr","locations":[{"start":{"line":101,"column":10},"end":{"line":101,"column":18}},{"start":{"line":101,"column":22},"end":{"line":101,"column":51}}]},"9":{"loc":{"start":{"line":103,"column":8},"end":{"line":117,"column":null}},"type":"if","locations":[{"start":{"line":103,"column":8},"end":{"line":117,"column":null}},{"start":{"line":115,"column":15},"end":{"line":117,"column":null}}]},"10":{"loc":{"start":{"line":105,"column":12},"end":{"line":107,"column":null}},"type":"if","locations":[{"start":{"line":105,"column":12},"end":{"line":107,"column":null}}]},"11":{"loc":{"start":{"line":111,"column":12},"end":{"line":113,"column":null}},"type":"if","locations":[{"start":{"line":111,"column":12},"end":{"line":113,"column":null}}]},"12":{"loc":{"start":{"line":160,"column":2},"end":{"line":169,"column":null}},"type":"if","locations":[{"start":{"line":160,"column":2},"end":{"line":169,"column":null}}]},"13":{"loc":{"start":{"line":162,"column":6},"end":{"line":165,"column":null}},"type":"if","locations":[{"start":{"line":162,"column":6},"end":{"line":165,"column":null}}]},"14":{"loc":{"start":{"line":162,"column":10},"end":{"line":162,"column":86}},"type":"binary-expr","locations":[{"start":{"line":162,"column":10},"end":{"line":162,"column":48}},{"start":{"line":162,"column":52},"end":{"line":162,"column":86}}]},"15":{"loc":{"start":{"line":173,"column":0},"end":{"line":182,"column":null}},"type":"if","locations":[{"start":{"line":173,"column":0},"end":{"line":182,"column":null}}]},"16":{"loc":{"start":{"line":175,"column":2},"end":{"line":181,"column":null}},"type":"if","locations":[{"start":{"line":175,"column":2},"end":{"line":181,"column":null}},{"start":{"line":179,"column":9},"end":{"line":181,"column":null}}]}},"s":{"0":0,"1":0,"2":0,"3":0,"4":0,"5":0,"6":0,"7":0,"8":0,"9":0,"10":0,"11":0,"12":0,"13":0,"14":0,"15":0,"16":0,"17":0,"18":0,"19":0,"20":0,"21":0,"22":0,"23":0,"24":0,"25":0,"26":0,"27":0,"28":0,"29":0,"30":0,"31":0,"32":0,"33":0,"34":0,"35":0,"36":0,"37":0,"38":0,"39":0,"40":0,"41":0,"42":0,"43":0,"44":0,"45":0,"46":0,"47":0,"48":0,"49":0,"50":0,"51":0,"52":0,"53":0,"54":0,"55":0,"56":0,"57":0,"58":0,"59":0,"60":0,"61":0,"62":0,"63":0,"64":0},"f":{"0":0,"1":0,"2":0,"3":0,"4":0,"5":0,"6":0,"7":0,"8":0},"b":{"0":[0],"1":[0,0],"2":[0,0],"3":[0,0],"4":[0],"5":[0,0],"6":[0,0],"7":[0],"8":[0,0],"9":[0,0],"10":[0],"11":[0],"12":[0],"13":[0],"14":[0,0],"15":[0],"16":[0,0]}}
,"C:\\Users\\lord_\\Repos\\keysako-js\\packages\\core\\src\\TokenManager.ts": {"path":"C:\\Users\\lord_\\Repos\\keysako-js\\packages\\core\\src\\TokenManager.ts","statementMap":{"0":{"start":{"line":1,"column":0},"end":{"line":1,"column":65}},"1":{"start":{"line":2,"column":0},"end":{"line":2,"column":35}},"2":{"start":{"line":16,"column":4},"end":{"line":18,"column":null}},"3":{"start":{"line":17,"column":6},"end":{"line":17,"column":49}},"4":{"start":{"line":19,"column":4},"end":{"line":19,"column":33}},"5":{"start":{"line":27,"column":22},"end":{"line":27,"column":59}},"6":{"start":{"line":28,"column":22},"end":{"line":31,"column":6}},"7":{"start":{"line":32,"column":4},"end":{"line":32,"column":76}},"8":{"start":{"line":35,"column":4},"end":{"line":42,"column":6}},"9":{"start":{"line":50,"column":22},"end":{"line":50,"column":66}},"10":{"start":{"line":51,"column":4},"end":{"line":51,"column":32}},"11":{"start":{"line":51,"column":20},"end":{"line":51,"column":32}},"12":{"start":{"line":53,"column":19},"end":{"line":53,"column":40}},"13":{"start":{"line":54,"column":4},"end":{"line":57,"column":null}},"14":{"start":{"line":55,"column":6},"end":{"line":55,"column":25}},"15":{"start":{"line":56,"column":6},"end":{"line":56,"column":18}},"16":{"start":{"line":59,"column":4},"end":{"line":59,"column":18}},"17":{"start":{"line":67,"column":19},"end":{"line":67,"column":35}},"18":{"start":{"line":68,"column":4},"end":{"line":68,"column":39}},"19":{"start":{"line":68,"column":27},"end":{"line":68,"column":39}},"20":{"start":{"line":70,"column":4},"end":{"line":75,"column":null}},"21":{"start":{"line":71,"column":6},"end":{"line":71,"column":39}},"22":{"start":{"line":73,"column":6},"end":{"line":73,"column":58}},"23":{"start":{"line":74,"column":6},"end":{"line":74,"column":18}},"24":{"start":{"line":83,"column":19},"end":{"line":83,"column":40}},"25":{"start":{"line":84,"column":4},"end":{"line":84,"column":30}},"26":{"start":{"line":84,"column":17},"end":{"line":84,"column":30}},"27":{"start":{"line":88,"column":4},"end":{"line":88,"column":83}},"28":{"start":{"line":95,"column":4},"end":{"line":95,"column":52}},"29":{"start":{"line":96,"column":4},"end":{"line":96,"column":69}},"30":{"start":{"line":104,"column":19},"end":{"line":104,"column":35}},"31":{"start":{"line":105,"column":4},"end":{"line":105,"column":27}},"32":{"start":{"line":113,"column":19},"end":{"line":113,"column":35}},"33":{"start":{"line":114,"column":4},"end":{"line":114,"column":47}},"34":{"start":{"line":122,"column":19},"end":{"line":122,"column":35}},"35":{"start":{"line":123,"column":4},"end":{"line":123,"column":43}},"36":{"start":{"line":142,"column":21},"end":{"line":154,"column":6}},"37":{"start":{"line":156,"column":4},"end":{"line":158,"column":null}},"38":{"start":{"line":157,"column":6},"end":{"line":157,"column":59}},"39":{"start":{"line":160,"column":34},"end":{"line":160,"column":55}},"40":{"start":{"line":161,"column":4},"end":{"line":161,"column":28}},"41":{"start":{"line":162,"column":4},"end":{"line":162,"column":18}},"42":{"start":{"line":170,"column":19},"end":{"line":170,"column":35}},"43":{"start":{"line":171,"column":4},"end":{"line":171,"column":61}},"44":{"start":{"line":7,"column":0},"end":{"line":7,"column":13}},"45":{"start":{"line":8,"column":26},"end":{"line":8,"column":55}}},"fnMap":{"0":{"name":"(anonymous_0)","decl":{"start":{"line":15,"column":2},"end":{"line":15,"column":8}},"loc":{"start":{"line":15,"column":20},"end":{"line":20,"column":3}}},"1":{"name":"(anonymous_1)","decl":{"start":{"line":26,"column":2},"end":{"line":26,"column":12}},"loc":{"start":{"line":26,"column":34},"end":{"line":43,"column":3}}},"2":{"name":"(anonymous_2)","decl":{"start":{"line":49,"column":2},"end":{"line":49,"column":11}},"loc":{"start":{"line":49,"column":11},"end":{"line":60,"column":3}}},"3":{"name":"(anonymous_3)","decl":{"start":{"line":66,"column":2},"end":{"line":66,"column":16}},"loc":{"start":{"line":66,"column":16},"end":{"line":76,"column":3}}},"4":{"name":"(anonymous_4)","decl":{"start":{"line":82,"column":2},"end":{"line":82,"column":16}},"loc":{"start":{"line":82,"column":16},"end":{"line":89,"column":3}}},"5":{"name":"(anonymous_5)","decl":{"start":{"line":94,"column":2},"end":{"line":94,"column":13}},"loc":{"start":{"line":94,"column":13},"end":{"line":97,"column":3}}},"6":{"name":"(anonymous_6)","decl":{"start":{"line":103,"column":2},"end":{"line":103,"column":17}},"loc":{"start":{"line":103,"column":17},"end":{"line":106,"column":3}}},"7":{"name":"(anonymous_7)","decl":{"start":{"line":112,"column":2},"end":{"line":112,"column":16}},"loc":{"start":{"line":112,"column":16},"end":{"line":115,"column":3}}},"8":{"name":"(anonymous_8)","decl":{"start":{"line":121,"column":2},"end":{"line":121,"column":12}},"loc":{"start":{"line":121,"column":12},"end":{"line":124,"column":3}}},"9":{"name":"(anonymous_9)","decl":{"start":{"line":135,"column":2},"end":{"line":135,"column":7}},"loc":{"start":{"line":140,"column":25},"end":{"line":163,"column":3}}},"10":{"name":"(anonymous_10)","decl":{"start":{"line":169,"column":2},"end":{"line":169,"column":21}},"loc":{"start":{"line":169,"column":21},"end":{"line":172,"column":3}}}},"branchMap":{"0":{"loc":{"start":{"line":16,"column":4},"end":{"line":18,"column":null}},"type":"if","locations":[{"start":{"line":16,"column":4},"end":{"line":18,"column":null}}]},"1":{"loc":{"start":{"line":51,"column":4},"end":{"line":51,"column":32}},"type":"if","locations":[{"start":{"line":51,"column":4},"end":{"line":51,"column":32}}]},"2":{"loc":{"start":{"line":54,"column":4},"end":{"line":57,"column":null}},"type":"if","locations":[{"start":{"line":54,"column":4},"end":{"line":57,"column":null}}]},"3":{"loc":{"start":{"line":68,"column":4},"end":{"line":68,"column":39}},"type":"if","locations":[{"start":{"line":68,"column":4},"end":{"line":68,"column":39}}]},"4":{"loc":{"start":{"line":68,"column":9},"end":{"line":68,"column":25}},"type":"cond-expr","locations":[{"start":{"line":68,"column":15},"end":{"line":68,"column":17}},{"start":{"line":68,"column":9},"end":{"line":68,"column":25}}]},"5":{"loc":{"start":{"line":68,"column":9},"end":{"line":68,"column":17}},"type":"binary-expr","locations":[{"start":{"line":68,"column":9},"end":{"line":68,"column":17}},{"start":{"line":68,"column":9},"end":{"line":68,"column":17}}]},"6":{"loc":{"start":{"line":84,"column":4},"end":{"line":84,"column":30}},"type":"if","locations":[{"start":{"line":84,"column":4},"end":{"line":84,"column":30}}]},"7":{"loc":{"start":{"line":88,"column":11},"end":{"line":88,"column":82}},"type":"binary-expr","locations":[{"start":{"line":88,"column":11},"end":{"line":88,"column":47}},{"start":{"line":88,"column":51},"end":{"line":88,"column":82}}]},"8":{"loc":{"start":{"line":114,"column":11},"end":{"line":114,"column":46}},"type":"cond-expr","locations":[{"start":{"line":114,"column":20},"end":{"line":114,"column":39}},{"start":{"line":114,"column":42},"end":{"line":114,"column":46}}]},"9":{"loc":{"start":{"line":123,"column":11},"end":{"line":123,"column":42}},"type":"cond-expr","locations":[{"start":{"line":123,"column":20},"end":{"line":123,"column":35}},{"start":{"line":123,"column":38},"end":{"line":123,"column":42}}]},"10":{"loc":{"start":{"line":138,"column":4},"end":{"line":138,"column":48}},"type":"default-arg","locations":[{"start":{"line":138,"column":26},"end":{"line":138,"column":48}}]},"11":{"loc":{"start":{"line":156,"column":4},"end":{"line":158,"column":null}},"type":"if","locations":[{"start":{"line":156,"column":4},"end":{"line":158,"column":null}}]},"12":{"loc":{"start":{"line":171,"column":11},"end":{"line":171,"column":60}},"type":"binary-expr","locations":[{"start":{"line":171,"column":11},"end":{"line":171,"column":26}},{"start":{"line":171,"column":30},"end":{"line":171,"column":60}}]}},"s":{"0":1,"1":1,"2":9,"3":9,"4":9,"5":1,"6":1,"7":1,"8":1,"9":8,"10":8,"11":3,"12":5,"13":5,"14":1,"15":1,"16":4,"17":1,"18":1,"19":0,"20":1,"21":1,"22":0,"23":0,"24":0,"25":0,"26":0,"27":0,"28":2,"29":2,"30":0,"31":0,"32":2,"33":2,"34":2,"35":2,"36":0,"37":0,"38":0,"39":0,"40":0,"41":0,"42":3,"43":3,"44":1,"45":1},"f":{"0":9,"1":1,"2":8,"3":1,"4":0,"5":2,"6":0,"7":2,"8":2,"9":0,"10":3},"b":{"0":[9],"1":[3],"2":[1],"3":[0],"4":[0,1],"5":[1,1],"6":[0],"7":[0,0],"8":[1,1],"9":[1,1],"10":[0],"11":[0],"12":[3,1]}}
,"C:\\Users\\lord_\\Repos\\keysako-js\\packages\\core\\src\\index.ts": {"path":"C:\\Users\\lord_\\Repos\\keysako-js\\packages\\core\\src\\index.ts","statementMap":{"0":{"start":{"line":1,"column":0},"end":{"line":1,"column":24}},"1":{"start":{"line":2,"column":0},"end":{"line":2,"column":32}},"2":{"start":{"line":3,"column":0},"end":{"line":3,"column":35}},"3":{"start":{"line":4,"column":0},"end":{"line":4,"column":31}},"4":{"start":{"line":5,"column":0},"end":{"line":5,"column":24}},"5":{"start":{"line":6,"column":0},"end":{"line":6,"column":25}},"6":{"start":{"line":7,"column":0},"end":{"line":7,"column":40}}},"fnMap":{},"branchMap":{},"s":{"0":0,"1":0,"2":0,"3":0,"4":0,"5":0,"6":0},"f":{},"b":{}}
,"C:\\Users\\lord_\\Repos\\keysako-js\\packages\\core\\src\\themes.ts": {"path":"C:\\Users\\lord_\\Repos\\keysako-js\\packages\\core\\src\\themes.ts","statementMap":{"0":{"start":{"line":17,"column":13},"end":{"line":40,"column":2}},"1":{"start":{"line":47,"column":2},"end":{"line":129,"column":4}},"2":{"start":{"line":46,"column":0},"end":{"line":46,"column":16}}},"fnMap":{"0":{"name":"getButtonStyles","decl":{"start":{"line":46,"column":16},"end":{"line":46,"column":31}},"loc":{"start":{"line":46,"column":31},"end":{"line":130,"column":1}}}},"branchMap":{},"s":{"0":0,"1":0,"2":0},"f":{"0":0},"b":{}}
,"C:\\Users\\lord_\\Repos\\keysako-js\\packages\\core\\src\\types.ts": {"path":"C:\\Users\\lord_\\Repos\\keysako-js\\packages\\core\\src\\types.ts","statementMap":{"0":{"start":{"line":122,"column":0},"end":{"line":122,"column":null}},"1":{"start":{"line":123,"column":2},"end":{"line":123,"column":null}},"2":{"start":{"line":124,"column":2},"end":{"line":124,"column":null}},"3":{"start":{"line":125,"column":2},"end":{"line":125,"column":null}},"4":{"start":{"line":126,"column":2},"end":{"line":126,"column":null}}},"fnMap":{"0":{"name":"(anonymous_0)","decl":{"start":{"line":122,"column":0},"end":{"line":122,"column":12}},"loc":{"start":{"line":122,"column":22},"end":{"line":127,"column":1}}}},"branchMap":{"0":{"loc":{"start":{"line":122,"column":12},"end":{"line":122,"column":null}},"type":"binary-expr","locations":[{"start":{"line":122,"column":12},"end":{"line":122,"column":22}},{"start":{"line":122,"column":12},"end":{"line":122,"column":null}}]}},"s":{"0":2,"1":2,"2":2,"3":2,"4":2},"f":{"0":2},"b":{"0":[2,2]}}
,"C:\\Users\\lord_\\Repos\\keysako-js\\packages\\core\\src\\utils.ts": {"path":"C:\\Users\\lord_\\Repos\\keysako-js\\packages\\core\\src\\utils.ts","statementMap":{"0":{"start":{"line":7,"column":2},"end":{"line":24,"column":null}},"1":{"start":{"line":9,"column":22},"end":{"line":9,"column":41}},"2":{"start":{"line":10,"column":19},"end":{"line":10,"column":66}},"3":{"start":{"line":13,"column":24},"end":{"line":17,"column":null}},"4":{"start":{"line":16,"column":18},"end":{"line":16,"column":71}},"5":{"start":{"line":20,"column":4},"end":{"line":20,"column":35}},"6":{"start":{"line":22,"column":4},"end":{"line":22,"column":47}},"7":{"start":{"line":23,"column":4},"end":{"line":23,"column":16}},"8":{"start":{"line":6,"column":0},"end":{"line":6,"column":16}},"9":{"start":{"line":32,"column":16},"end":{"line":32,"column":35}},"10":{"start":{"line":33,"column":2},"end":{"line":33,"column":39}},"11":{"start":{"line":34,"column":2},"end":{"line":34,"column":79}},"12":{"start":{"line":34,"column":34},"end":{"line":34,"column":68}},"13":{"start":{"line":31,"column":0},"end":{"line":31,"column":16}},"14":{"start":{"line":42,"column":2},"end":{"line":42,"column":100}},"15":{"start":{"line":41,"column":0},"end":{"line":41,"column":16}},"16":{"start":{"line":52,"column":2},"end":{"line":61,"column":null}},"17":{"start":{"line":53,"column":14},"end":{"line":53,"column":55}},"18":{"start":{"line":54,"column":14},"end":{"line":54,"column":55}},"19":{"start":{"line":55,"column":14},"end":{"line":55,"column":55}},"20":{"start":{"line":58,"column":22},"end":{"line":58,"column":63}},"21":{"start":{"line":60,"column":4},"end":{"line":60,"column":45}},"22":{"start":{"line":64,"column":2},"end":{"line":64,"column":16}},"23":{"start":{"line":50,"column":0},"end":{"line":50,"column":16}}},"fnMap":{"0":{"name":"parseJwt","decl":{"start":{"line":6,"column":16},"end":{"line":6,"column":24}},"loc":{"start":{"line":6,"column":38},"end":{"line":25,"column":1}}},"1":{"name":"(anonymous_1)","decl":{"start":{"line":16,"column":13},"end":{"line":16,"column":14}},"loc":{"start":{"line":16,"column":18},"end":{"line":16,"column":71}}},"2":{"name":"generateRandomString","decl":{"start":{"line":31,"column":16},"end":{"line":31,"column":36}},"loc":{"start":{"line":31,"column":36},"end":{"line":35,"column":1}}},"3":{"name":"(anonymous_3)","decl":{"start":{"line":34,"column":27},"end":{"line":34,"column":30}},"loc":{"start":{"line":34,"column":34},"end":{"line":34,"column":68}}},"4":{"name":"isMobileDevice","decl":{"start":{"line":41,"column":16},"end":{"line":41,"column":30}},"loc":{"start":{"line":41,"column":30},"end":{"line":43,"column":1}}},"5":{"name":"getContrastColor","decl":{"start":{"line":50,"column":16},"end":{"line":50,"column":32}},"loc":{"start":{"line":50,"column":56},"end":{"line":65,"column":1}}}},"branchMap":{"0":{"loc":{"start":{"line":52,"column":2},"end":{"line":61,"column":null}},"type":"if","locations":[{"start":{"line":52,"column":2},"end":{"line":61,"column":null}}]},"1":{"loc":{"start":{"line":60,"column":11},"end":{"line":60,"column":44}},"type":"cond-expr","locations":[{"start":{"line":60,"column":29},"end":{"line":60,"column":35}},{"start":{"line":60,"column":38},"end":{"line":60,"column":44}}]}},"s":{"0":5,"1":5,"2":5,"3":2,"4":55,"5":1,"6":4,"7":4,"8":4,"9":7,"10":7,"11":7,"12":196,"13":4,"14":2,"15":4,"16":0,"17":0,"18":0,"19":0,"20":0,"21":0,"22":0,"23":4},"f":{"0":5,"1":55,"2":7,"3":196,"4":2,"5":0},"b":{"0":[0],"1":[0,0]}}
}
