TN:
SF:src\IdentityProvider.ts
FN:13,(anonymous_0)
FN:33,(anonymous_1)
FN:37,(anonymous_2)
FN:41,(anonymous_3)
FN:56,(anonymous_4)
FN:71,(anonymous_5)
FN:83,(anonymous_6)
FN:94,(anonymous_7)
FN:102,(anonymous_8)
FN:113,(anonymous_9)
FN:116,(anonymous_10)
FN:133,(anonymous_11)
FN:196,(anonymous_12)
FN:280,(anonymous_13)
FN:281,(anonymous_14)
FN:282,(anonymous_15)
FN:289,(anonymous_16)
FN:318,(anonymous_17)
FN:335,(anonymous_18)
FN:343,(anonymous_19)
FN:351,(anonymous_20)
FN:358,(anonymous_21)
FN:391,(anonymous_22)
FN:392,(anonymous_23)
FN:401,(anonymous_24)
FNF:25
FNH:11
FNDA:2,(anonymous_0)
FNDA:2,(anonymous_1)
FNDA:0,(anonymous_2)
FNDA:0,(anonymous_3)
FNDA:1,(anonymous_4)
FNDA:8,(anonymous_5)
FNDA:0,(anonymous_6)
FNDA:2,(anonymous_7)
FNDA:1,(anonymous_8)
FNDA:2,(anonymous_9)
FNDA:64,(anonymous_10)
FNDA:2,(anonymous_11)
FNDA:0,(anonymous_12)
FNDA:0,(anonymous_13)
FNDA:0,(anonymous_14)
FNDA:0,(anonymous_15)
FNDA:0,(anonymous_16)
FNDA:0,(anonymous_17)
FNDA:2,(anonymous_18)
FNDA:0,(anonymous_19)
FNDA:0,(anonymous_20)
FNDA:1,(anonymous_21)
FNDA:0,(anonymous_22)
FNDA:0,(anonymous_23)
FNDA:0,(anonymous_24)
DA:1,1
DA:2,1
DA:3,1
DA:8,1
DA:10,1
DA:15,2
DA:18,2
DA:25,2
DA:26,0
DA:29,2
DA:34,2
DA:38,0
DA:42,0
DA:45,1
DA:46,1
DA:47,1
DA:48,1
DA:53,1
DA:54,1
DA:57,1
DA:62,1
DA:63,1
DA:72,8
DA:73,1
DA:75,8
DA:84,0
DA:85,0
DA:87,0
DA:96,2
DA:103,1
DA:104,1
DA:105,0
DA:114,2
DA:115,2
DA:116,64
DA:118,2
DA:119,2
DA:120,2
DA:122,2
DA:127,2
DA:134,2
DA:135,2
DA:136,2
DA:138,2
DA:139,2
DA:140,2
DA:142,2
DA:144,2
DA:155,2
DA:157,2
DA:159,0
DA:160,0
DA:162,0
DA:163,0
DA:166,0
DA:167,0
DA:170,0
DA:171,0
DA:172,0
DA:176,0
DA:178,0
DA:181,0
DA:184,0
DA:188,2
DA:197,0
DA:198,0
DA:199,0
DA:200,0
DA:202,0
DA:203,0
DA:204,0
DA:205,0
DA:207,0
DA:210,0
DA:211,0
DA:212,0
DA:213,0
DA:215,0
DA:218,0
DA:219,0
DA:228,0
DA:230,0
DA:231,0
DA:238,0
DA:250,0
DA:251,0
DA:252,0
DA:254,0
DA:259,0
DA:260,0
DA:264,0
DA:272,0
DA:281,0
DA:282,0
DA:283,0
DA:284,0
DA:286,0
DA:289,0
DA:290,0
DA:291,0
DA:294,0
DA:295,0
DA:296,0
DA:297,0
DA:298,0
DA:299,0
DA:301,0
DA:302,0
DA:303,0
DA:305,0
DA:309,0
DA:319,0
DA:320,0
DA:321,0
DA:322,0
DA:324,0
DA:336,2
DA:344,0
DA:352,0
DA:359,1
DA:360,1
DA:363,1
DA:365,1
DA:367,1
DA:368,1
DA:371,0
DA:373,0
DA:379,0
DA:380,0
DA:383,0
DA:385,0
DA:386,0
DA:389,0
DA:391,0
DA:392,0
DA:393,0
DA:394,0
DA:395,0
DA:396,0
DA:401,0
DA:402,0
DA:403,0
DA:404,0
DA:405,0
DA:407,0
DA:412,0
DA:413,0
DA:416,0
DA:418,0
DA:422,0
LF:150
LH:51
BRDA:15,0,0,2
BRDA:18,1,0,2
BRDA:18,1,1,2
BRDA:18,1,2,2
BRDA:18,1,3,2
BRDA:20,2,0,0
BRDA:20,2,1,2
BRDA:20,3,0,2
BRDA:20,3,1,2
BRDA:20,4,0,0
BRDA:20,4,1,2
BRDA:20,5,0,2
BRDA:20,5,1,2
BRDA:25,6,0,0
BRDA:72,7,0,1
BRDA:84,8,0,0
BRDA:104,9,0,0
BRDA:142,10,0,2
BRDA:142,10,1,0
BRDA:157,11,0,0
BRDA:157,11,1,2
BRDA:157,12,0,2
BRDA:157,12,1,0
BRDA:160,13,0,0
BRDA:171,14,0,0
BRDA:182,15,0,0
BRDA:182,15,1,0
BRDA:202,16,0,0
BRDA:204,17,0,0
BRDA:210,18,0,0
BRDA:212,19,0,0
BRDA:222,20,0,0
BRDA:222,20,1,0
BRDA:230,21,0,0
BRDA:259,22,0,0
BRDA:283,23,0,0
BRDA:290,24,0,0
BRDA:295,25,0,0
BRDA:297,26,0,0
BRDA:301,27,0,0
BRDA:360,28,0,1
BRDA:360,28,1,0
BRDA:360,29,0,1
BRDA:360,29,1,0
BRDA:365,30,0,1
BRDA:371,31,0,0
BRDA:371,31,1,0
BRDA:379,32,0,0
BRDA:379,32,1,0
BRDA:379,33,0,0
BRDA:379,33,1,0
BRDA:383,34,0,0
BRDA:393,35,0,0
BRDA:393,36,0,0
BRDA:393,36,1,0
BRDA:393,37,0,0
BRDA:393,37,1,0
BRDA:403,38,0,0
BRDA:412,39,0,0
BRF:59
BRH:18
end_of_record
TN:
SF:src\KeysakoButton.ts
FN:30,getButtonText
FN:89,(anonymous_1)
FN:109,(anonymous_2)
FN:115,(anonymous_3)
FN:125,(anonymous_4)
FN:144,(anonymous_5)
FN:208,(anonymous_6)
FN:209,(anonymous_7)
FN:218,(anonymous_8)
FN:268,(anonymous_9)
FN:284,(anonymous_10)
FN:302,(anonymous_11)
FNF:12
FNH:0
FNDA:0,getButtonText
FNDA:0,(anonymous_1)
FNDA:0,(anonymous_2)
FNDA:0,(anonymous_3)
FNDA:0,(anonymous_4)
FNDA:0,(anonymous_5)
FNDA:0,(anonymous_6)
FNDA:0,(anonymous_7)
FNDA:0,(anonymous_8)
FNDA:0,(anonymous_9)
FNDA:0,(anonymous_10)
FNDA:0,(anonymous_11)
DA:1,0
DA:2,0
DA:3,0
DA:4,0
DA:5,0
DA:10,0
DA:30,0
DA:32,0
DA:40,0
DA:43,0
DA:71,0
DA:79,0
DA:81,0
DA:83,0
DA:90,0
DA:98,0
DA:99,0
DA:102,0
DA:103,0
DA:110,0
DA:116,0
DA:126,0
DA:127,0
DA:128,0
DA:131,0
DA:132,0
DA:137,0
DA:145,0
DA:146,0
DA:148,0
DA:149,0
DA:153,0
DA:154,0
DA:157,0
DA:158,0
DA:159,0
DA:163,0
DA:164,0
DA:165,0
DA:168,0
DA:169,0
DA:170,0
DA:171,0
DA:172,0
DA:175,0
DA:176,0
DA:178,0
DA:179,0
DA:180,0
DA:181,0
DA:184,0
DA:187,0
DA:191,0
DA:192,0
DA:193,0
DA:194,0
DA:195,0
DA:199,0
DA:202,0
DA:205,0
DA:208,0
DA:209,0
DA:211,0
DA:219,0
DA:222,0
DA:223,0
DA:224,0
DA:225,0
DA:226,0
DA:230,0
DA:235,0
DA:238,0
DA:239,0
DA:240,0
DA:241,0
DA:242,0
DA:243,0
DA:247,0
DA:250,0
DA:252,0
DA:253,0
DA:256,0
DA:257,0
DA:260,0
DA:261,0
DA:269,0
DA:270,0
DA:271,0
DA:274,0
DA:275,0
DA:277,0
DA:285,0
DA:287,0
DA:288,0
DA:290,0
DA:291,0
DA:292,0
DA:303,0
LF:98
LH:0
BRDA:71,0,0,0
BRDA:71,0,1,0
BRDA:98,1,0,0
BRDA:126,2,0,0
BRDA:126,2,1,0
BRDA:127,3,0,0
BRDA:131,4,0,0
BRDA:132,5,0,0
BRDA:132,5,1,0
BRDA:148,6,0,0
BRDA:153,7,0,0
BRDA:153,7,1,0
BRDA:153,7,2,0
BRDA:157,8,0,0
BRDA:168,9,0,0
BRDA:168,9,1,0
BRDA:169,10,0,0
BRDA:169,10,1,0
BRDA:172,11,0,0
BRDA:172,11,1,0
BRDA:181,12,0,0
BRDA:181,12,1,0
BRDA:191,13,0,0
BRDA:219,14,0,0
BRDA:219,14,1,0
BRDA:230,15,0,0
BRDA:230,15,1,0
BRDA:230,16,0,0
BRDA:230,16,1,0
BRDA:232,17,0,0
BRDA:232,17,1,0
BRDA:238,18,0,0
BRDA:238,18,1,0
BRDA:241,19,0,0
BRDA:241,19,1,0
BRDA:247,20,0,0
BRDA:247,20,1,0
BRDA:250,21,0,0
BRDA:250,21,1,0
BRDA:256,22,0,0
BRDA:260,23,0,0
BRDA:269,24,0,0
BRDA:274,25,0,0
BRDA:274,25,1,0
BRDA:285,26,0,0
BRDA:287,27,0,0
BRDA:287,27,1,0
BRDA:287,27,2,0
BRDA:291,28,0,0
BRDA:292,29,0,0
BRDA:292,29,1,0
BRF:51
BRH:0
end_of_record
TN:
SF:src\KeysakoConnectElement.ts
FN:28,(anonymous_0)
FN:36,(anonymous_1)
FN:53,(anonymous_2)
FN:60,(anonymous_3)
FN:69,(anonymous_4)
FN:104,(anonymous_5)
FN:109,(anonymous_6)
FN:159,registerKeysakoConnectElement
FN:176,(anonymous_8)
FNF:9
FNH:0
FNDA:0,(anonymous_0)
FNDA:0,(anonymous_1)
FNDA:0,(anonymous_2)
FNDA:0,(anonymous_3)
FNDA:0,(anonymous_4)
FNDA:0,(anonymous_5)
FNDA:0,(anonymous_6)
FNDA:0,registerKeysakoConnectElement
FNDA:0,(anonymous_8)
DA:1,0
DA:23,0
DA:24,0
DA:26,0
DA:29,0
DA:30,0
DA:37,0
DA:54,0
DA:61,0
DA:62,0
DA:70,0
DA:72,0
DA:73,0
DA:74,0
DA:75,0
DA:76,0
DA:77,0
DA:78,0
DA:79,0
DA:80,0
DA:83,0
DA:84,0
DA:85,0
DA:89,0
DA:101,0
DA:102,0
DA:103,0
DA:104,0
DA:105,0
DA:106,0
DA:109,0
DA:110,0
DA:111,0
DA:112,0
DA:116,0
DA:121,0
DA:124,0
DA:125,0
DA:129,0
DA:130,0
DA:131,0
DA:134,0
DA:135,0
DA:137,0
DA:139,0
DA:140,0
DA:141,0
DA:142,0
DA:143,0
DA:144,0
DA:147,0
DA:148,0
DA:151,0
DA:159,0
DA:160,0
DA:161,0
DA:162,0
DA:163,0
DA:164,0
DA:167,0
DA:173,0
DA:175,0
DA:176,0
DA:177,0
DA:180,0
LF:65
LH:0
BRDA:61,0,0,0
BRDA:74,1,0,0
BRDA:74,1,1,0
BRDA:75,2,0,0
BRDA:75,2,1,0
BRDA:76,3,0,0
BRDA:76,3,1,0
BRDA:83,4,0,0
BRDA:91,5,0,0
BRDA:91,5,1,0
BRDA:97,6,0,0
BRDA:97,6,1,0
BRDA:101,7,0,0
BRDA:101,8,0,0
BRDA:101,8,1,0
BRDA:103,9,0,0
BRDA:103,9,1,0
BRDA:105,10,0,0
BRDA:111,11,0,0
BRDA:160,12,0,0
BRDA:162,13,0,0
BRDA:162,14,0,0
BRDA:162,14,1,0
BRDA:173,15,0,0
BRDA:175,16,0,0
BRDA:175,16,1,0
BRF:26
BRH:0
end_of_record
TN:
SF:src\TokenManager.ts
FN:15,(anonymous_0)
FN:26,(anonymous_1)
FN:49,(anonymous_2)
FN:66,(anonymous_3)
FN:82,(anonymous_4)
FN:94,(anonymous_5)
FN:103,(anonymous_6)
FN:112,(anonymous_7)
FN:121,(anonymous_8)
FN:135,(anonymous_9)
FN:169,(anonymous_10)
FNF:11
FNH:8
FNDA:9,(anonymous_0)
FNDA:1,(anonymous_1)
FNDA:8,(anonymous_2)
FNDA:1,(anonymous_3)
FNDA:0,(anonymous_4)
FNDA:2,(anonymous_5)
FNDA:0,(anonymous_6)
FNDA:2,(anonymous_7)
FNDA:2,(anonymous_8)
FNDA:0,(anonymous_9)
FNDA:3,(anonymous_10)
DA:1,1
DA:2,1
DA:7,1
DA:8,1
DA:16,9
DA:17,9
DA:19,9
DA:27,1
DA:28,1
DA:32,1
DA:35,1
DA:50,8
DA:51,8
DA:53,5
DA:54,5
DA:55,1
DA:56,1
DA:59,4
DA:67,1
DA:68,1
DA:70,1
DA:71,1
DA:73,0
DA:74,0
DA:83,0
DA:84,0
DA:88,0
DA:95,2
DA:96,2
DA:104,0
DA:105,0
DA:113,2
DA:114,2
DA:122,2
DA:123,2
DA:142,0
DA:156,0
DA:157,0
DA:160,0
DA:161,0
DA:162,0
DA:170,3
DA:171,3
LF:43
LH:30
BRDA:16,0,0,9
BRDA:51,1,0,3
BRDA:54,2,0,1
BRDA:68,3,0,0
BRDA:68,4,0,0
BRDA:68,4,1,1
BRDA:68,5,0,1
BRDA:68,5,1,1
BRDA:84,6,0,0
BRDA:88,7,0,0
BRDA:88,7,1,0
BRDA:114,8,0,1
BRDA:114,8,1,1
BRDA:123,9,0,1
BRDA:123,9,1,1
BRDA:138,10,0,0
BRDA:156,11,0,0
BRDA:171,12,0,3
BRDA:171,12,1,1
BRF:19
BRH:12
end_of_record
TN:
SF:src\index.ts
FNF:0
FNH:0
DA:1,0
DA:2,0
DA:3,0
DA:4,0
DA:5,0
DA:6,0
DA:7,0
LF:7
LH:0
BRF:0
BRH:0
end_of_record
TN:
SF:src\themes.ts
FN:46,getButtonStyles
FNF:1
FNH:0
FNDA:0,getButtonStyles
DA:17,0
DA:46,0
DA:47,0
LF:3
LH:0
BRF:0
BRH:0
end_of_record
TN:
SF:src\types.ts
FN:122,(anonymous_0)
FNF:1
FNH:1
FNDA:2,(anonymous_0)
DA:122,2
DA:123,2
DA:124,2
DA:125,2
DA:126,2
LF:5
LH:5
BRDA:122,0,0,2
BRDA:122,0,1,2
BRF:2
BRH:2
end_of_record
TN:
SF:src\utils.ts
FN:6,parseJwt
FN:16,(anonymous_1)
FN:31,generateRandomString
FN:34,(anonymous_3)
FN:41,isMobileDevice
FN:50,getContrastColor
FNF:6
FNH:5
FNDA:5,parseJwt
FNDA:55,(anonymous_1)
FNDA:7,generateRandomString
FNDA:196,(anonymous_3)
FNDA:2,isMobileDevice
FNDA:0,getContrastColor
DA:6,4
DA:7,5
DA:9,5
DA:10,5
DA:13,2
DA:16,55
DA:20,1
DA:22,4
DA:23,4
DA:31,4
DA:32,7
DA:33,7
DA:34,196
DA:41,4
DA:42,2
DA:50,4
DA:52,0
DA:53,0
DA:54,0
DA:55,0
DA:58,0
DA:60,0
DA:64,0
LF:23
LH:16
BRDA:52,0,0,0
BRDA:60,1,0,0
BRDA:60,1,1,0
BRF:3
BRH:0
end_of_record
