TN:
SF:src\IdentityProvider.ts
FN:13,(anonymous_0)
FN:31,(anonymous_1)
FN:35,(anonymous_2)
FN:39,(anonymous_3)
FN:54,(anonymous_4)
FN:69,(anonymous_5)
FN:81,(anonymous_6)
FN:92,(anonymous_7)
FN:100,(anonymous_8)
FN:111,(anonymous_9)
FN:114,(anonymous_10)
FN:131,(anonymous_11)
FN:194,(anonymous_12)
FN:274,(anonymous_13)
FN:275,(anonymous_14)
FN:276,(anonymous_15)
FN:283,(anonymous_16)
FN:312,(anonymous_17)
FN:329,(anonymous_18)
FN:337,(anonymous_19)
FN:345,(anonymous_20)
FN:352,(anonymous_21)
FN:383,(anonymous_22)
FN:384,(anonymous_23)
FN:393,(anonymous_24)
FNF:25
FNH:0
FNDA:0,(anonymous_0)
FNDA:0,(anonymous_1)
FNDA:0,(anonymous_2)
FNDA:0,(anonymous_3)
FNDA:0,(anonymous_4)
FNDA:0,(anonymous_5)
FNDA:0,(anonymous_6)
FNDA:0,(anonymous_7)
FNDA:0,(anonymous_8)
FNDA:0,(anonymous_9)
FNDA:0,(anonymous_10)
FNDA:0,(anonymous_11)
FNDA:0,(anonymous_12)
FNDA:0,(anonymous_13)
FNDA:0,(anonymous_14)
FNDA:0,(anonymous_15)
FNDA:0,(anonymous_16)
FNDA:0,(anonymous_17)
FNDA:0,(anonymous_18)
FNDA:0,(anonymous_19)
FNDA:0,(anonymous_20)
FNDA:0,(anonymous_21)
FNDA:0,(anonymous_22)
FNDA:0,(anonymous_23)
FNDA:0,(anonymous_24)
DA:1,0
DA:2,0
DA:3,0
DA:8,0
DA:10,0
DA:15,0
DA:17,0
DA:23,0
DA:24,0
DA:27,0
DA:32,0
DA:36,0
DA:40,0
DA:43,0
DA:44,0
DA:45,0
DA:46,0
DA:51,0
DA:52,0
DA:55,0
DA:60,0
DA:61,0
DA:70,0
DA:71,0
DA:73,0
DA:82,0
DA:83,0
DA:85,0
DA:94,0
DA:101,0
DA:102,0
DA:103,0
DA:112,0
DA:113,0
DA:114,0
DA:116,0
DA:117,0
DA:118,0
DA:120,0
DA:125,0
DA:132,0
DA:133,0
DA:134,0
DA:136,0
DA:137,0
DA:138,0
DA:140,0
DA:142,0
DA:153,0
DA:155,0
DA:157,0
DA:158,0
DA:160,0
DA:161,0
DA:164,0
DA:165,0
DA:168,0
DA:169,0
DA:170,0
DA:174,0
DA:176,0
DA:179,0
DA:182,0
DA:186,0
DA:195,0
DA:196,0
DA:197,0
DA:198,0
DA:200,0
DA:201,0
DA:202,0
DA:203,0
DA:205,0
DA:208,0
DA:209,0
DA:210,0
DA:211,0
DA:213,0
DA:216,0
DA:217,0
DA:226,0
DA:228,0
DA:229,0
DA:236,0
DA:246,0
DA:247,0
DA:248,0
DA:250,0
DA:255,0
DA:256,0
DA:260,0
DA:266,0
DA:275,0
DA:276,0
DA:277,0
DA:278,0
DA:280,0
DA:283,0
DA:284,0
DA:285,0
DA:288,0
DA:289,0
DA:290,0
DA:291,0
DA:292,0
DA:293,0
DA:295,0
DA:296,0
DA:297,0
DA:299,0
DA:303,0
DA:313,0
DA:314,0
DA:315,0
DA:316,0
DA:318,0
DA:330,0
DA:338,0
DA:346,0
DA:353,0
DA:354,0
DA:357,0
DA:359,0
DA:361,0
DA:362,0
DA:365,0
DA:367,0
DA:373,0
DA:374,0
DA:375,0
DA:377,0
DA:378,0
DA:381,0
DA:383,0
DA:384,0
DA:385,0
DA:386,0
DA:387,0
DA:388,0
DA:393,0
DA:394,0
DA:395,0
DA:396,0
DA:397,0
DA:399,0
DA:404,0
DA:405,0
DA:408,0
DA:410,0
DA:414,0
LF:150
LH:0
BRDA:15,0,0,0
BRDA:17,1,0,0
BRDA:17,1,1,0
BRDA:17,1,2,0
BRDA:19,2,0,0
BRDA:19,2,1,0
BRDA:19,3,0,0
BRDA:19,3,1,0
BRDA:19,4,0,0
BRDA:19,4,1,0
BRDA:19,5,0,0
BRDA:19,5,1,0
BRDA:21,6,0,0
BRDA:21,6,1,0
BRDA:21,7,0,0
BRDA:21,7,1,0
BRDA:21,8,0,0
BRDA:21,8,1,0
BRDA:21,9,0,0
BRDA:21,9,1,0
BRDA:23,10,0,0
BRDA:70,11,0,0
BRDA:82,12,0,0
BRDA:102,13,0,0
BRDA:140,14,0,0
BRDA:140,14,1,0
BRDA:155,15,0,0
BRDA:155,15,1,0
BRDA:155,16,0,0
BRDA:155,16,1,0
BRDA:158,17,0,0
BRDA:169,18,0,0
BRDA:180,19,0,0
BRDA:180,19,1,0
BRDA:200,20,0,0
BRDA:202,21,0,0
BRDA:208,22,0,0
BRDA:210,23,0,0
BRDA:220,24,0,0
BRDA:220,24,1,0
BRDA:228,25,0,0
BRDA:255,26,0,0
BRDA:277,27,0,0
BRDA:284,28,0,0
BRDA:289,29,0,0
BRDA:291,30,0,0
BRDA:295,31,0,0
BRDA:354,32,0,0
BRDA:354,32,1,0
BRDA:354,33,0,0
BRDA:354,33,1,0
BRDA:359,34,0,0
BRDA:365,35,0,0
BRDA:365,35,1,0
BRDA:373,36,0,0
BRDA:373,36,1,0
BRDA:373,37,0,0
BRDA:373,37,1,0
BRDA:375,38,0,0
BRDA:385,39,0,0
BRDA:385,40,0,0
BRDA:385,40,1,0
BRDA:385,41,0,0
BRDA:385,41,1,0
BRDA:395,42,0,0
BRDA:404,43,0,0
BRF:66
BRH:0
end_of_record
TN:
SF:src\KeysakoButton.ts
FN:30,getButtonText
FN:89,(anonymous_1)
FN:109,(anonymous_2)
FN:115,(anonymous_3)
FN:125,(anonymous_4)
FN:144,(anonymous_5)
FN:204,(anonymous_6)
FN:205,(anonymous_7)
FN:214,(anonymous_8)
FN:261,(anonymous_9)
FN:277,(anonymous_10)
FN:295,(anonymous_11)
FNF:12
FNH:0
FNDA:0,getButtonText
FNDA:0,(anonymous_1)
FNDA:0,(anonymous_2)
FNDA:0,(anonymous_3)
FNDA:0,(anonymous_4)
FNDA:0,(anonymous_5)
FNDA:0,(anonymous_6)
FNDA:0,(anonymous_7)
FNDA:0,(anonymous_8)
FNDA:0,(anonymous_9)
FNDA:0,(anonymous_10)
FNDA:0,(anonymous_11)
DA:1,0
DA:2,0
DA:3,0
DA:4,0
DA:5,0
DA:10,0
DA:30,0
DA:32,0
DA:40,0
DA:43,0
DA:71,0
DA:79,0
DA:81,0
DA:83,0
DA:90,0
DA:98,0
DA:99,0
DA:102,0
DA:103,0
DA:110,0
DA:116,0
DA:126,0
DA:127,0
DA:128,0
DA:131,0
DA:132,0
DA:137,0
DA:145,0
DA:146,0
DA:148,0
DA:149,0
DA:153,0
DA:154,0
DA:157,0
DA:158,0
DA:159,0
DA:163,0
DA:164,0
DA:165,0
DA:168,0
DA:169,0
DA:170,0
DA:171,0
DA:172,0
DA:173,0
DA:174,0
DA:176,0
DA:177,0
DA:178,0
DA:179,0
DA:180,0
DA:183,0
DA:187,0
DA:188,0
DA:189,0
DA:190,0
DA:191,0
DA:195,0
DA:198,0
DA:201,0
DA:204,0
DA:205,0
DA:207,0
DA:215,0
DA:218,0
DA:219,0
DA:220,0
DA:221,0
DA:222,0
DA:225,0
DA:228,0
DA:231,0
DA:232,0
DA:233,0
DA:234,0
DA:235,0
DA:236,0
DA:240,0
DA:243,0
DA:245,0
DA:246,0
DA:249,0
DA:250,0
DA:253,0
DA:254,0
DA:262,0
DA:263,0
DA:264,0
DA:267,0
DA:268,0
DA:270,0
DA:278,0
DA:280,0
DA:281,0
DA:283,0
DA:284,0
DA:285,0
DA:296,0
LF:98
LH:0
BRDA:71,0,0,0
BRDA:71,0,1,0
BRDA:98,1,0,0
BRDA:126,2,0,0
BRDA:126,2,1,0
BRDA:127,3,0,0
BRDA:131,4,0,0
BRDA:132,5,0,0
BRDA:132,5,1,0
BRDA:148,6,0,0
BRDA:153,7,0,0
BRDA:153,7,1,0
BRDA:153,7,2,0
BRDA:157,8,0,0
BRDA:168,9,0,0
BRDA:168,9,1,0
BRDA:169,10,0,0
BRDA:169,10,1,0
BRDA:172,11,0,0
BRDA:172,11,1,0
BRDA:179,12,0,0
BRDA:179,12,1,0
BRDA:187,13,0,0
BRDA:215,14,0,0
BRDA:215,14,1,0
BRDA:225,15,0,0
BRDA:225,15,1,0
BRDA:225,16,0,0
BRDA:225,16,1,0
BRDA:227,17,0,0
BRDA:227,17,1,0
BRDA:231,18,0,0
BRDA:231,18,1,0
BRDA:234,19,0,0
BRDA:234,19,1,0
BRDA:240,20,0,0
BRDA:240,20,1,0
BRDA:243,21,0,0
BRDA:243,21,1,0
BRDA:249,22,0,0
BRDA:253,23,0,0
BRDA:262,24,0,0
BRDA:267,25,0,0
BRDA:267,25,1,0
BRDA:278,26,0,0
BRDA:280,27,0,0
BRDA:280,27,1,0
BRDA:280,27,2,0
BRDA:284,28,0,0
BRDA:285,29,0,0
BRDA:285,29,1,0
BRF:51
BRH:0
end_of_record
TN:
SF:src\TokenManager.ts
FN:11,(anonymous_0)
FN:17,(anonymous_1)
FN:28,(anonymous_2)
FN:49,(anonymous_3)
FN:66,(anonymous_4)
FN:82,(anonymous_5)
FN:94,(anonymous_6)
FN:103,(anonymous_7)
FN:112,(anonymous_8)
FN:121,(anonymous_9)
FN:135,(anonymous_10)
FN:169,(anonymous_11)
FNF:12
FNH:6
FNDA:9,(anonymous_0)
FNDA:0,(anonymous_1)
FNDA:0,(anonymous_2)
FNDA:7,(anonymous_3)
FNDA:0,(anonymous_4)
FNDA:0,(anonymous_5)
FNDA:1,(anonymous_6)
FNDA:0,(anonymous_7)
FNDA:2,(anonymous_8)
FNDA:2,(anonymous_9)
FNDA:0,(anonymous_10)
FNDA:3,(anonymous_11)
DA:1,1
DA:2,1
DA:7,1
DA:8,1
DA:18,0
DA:19,0
DA:21,0
DA:29,0
DA:30,0
DA:34,0
DA:37,0
DA:50,7
DA:51,7
DA:53,0
DA:54,0
DA:55,0
DA:56,0
DA:59,0
DA:67,0
DA:68,0
DA:70,0
DA:71,0
DA:73,0
DA:74,0
DA:83,0
DA:84,0
DA:88,0
DA:95,1
DA:96,1
DA:104,0
DA:105,0
DA:113,2
DA:114,2
DA:122,2
DA:123,2
DA:142,0
DA:156,0
DA:157,0
DA:160,0
DA:161,0
DA:162,0
DA:170,3
DA:171,3
LF:43
LH:14
BRDA:18,0,0,0
BRDA:51,1,0,7
BRDA:54,2,0,0
BRDA:68,3,0,0
BRDA:68,4,0,0
BRDA:68,4,1,0
BRDA:68,5,0,0
BRDA:68,5,1,0
BRDA:84,6,0,0
BRDA:88,7,0,0
BRDA:88,7,1,0
BRDA:114,8,0,0
BRDA:114,8,1,2
BRDA:123,9,0,0
BRDA:123,9,1,2
BRDA:138,10,0,0
BRDA:156,11,0,0
BRDA:171,12,0,3
BRDA:171,12,1,0
BRF:19
BRH:4
end_of_record
TN:
SF:src\index.ts
FNF:0
FNH:0
DA:1,0
DA:2,0
DA:3,0
DA:4,0
DA:5,0
DA:6,0
LF:6
LH:0
BRF:0
BRH:0
end_of_record
TN:
SF:src\themes.ts
FN:47,getButtonStyles
FNF:1
FNH:0
FNDA:0,getButtonStyles
DA:17,0
DA:47,0
DA:48,0
LF:3
LH:0
BRDA:47,0,0,0
BRF:1
BRH:0
end_of_record
TN:
SF:src\types.ts
FN:122,(anonymous_0)
FNF:1
FNH:1
FNDA:1,(anonymous_0)
DA:122,1
DA:123,1
DA:124,1
DA:125,1
DA:126,1
LF:5
LH:5
BRDA:122,0,0,1
BRDA:122,0,1,1
BRF:2
BRH:2
end_of_record
TN:
SF:src\utils.ts
FN:6,parseJwt
FN:16,(anonymous_1)
FN:31,generateRandomString
FN:34,(anonymous_3)
FN:41,isMobileDevice
FN:50,getContrastColor
FNF:6
FNH:1
FNDA:1,parseJwt
FNDA:0,(anonymous_1)
FNDA:0,generateRandomString
FNDA:0,(anonymous_3)
FNDA:0,isMobileDevice
FNDA:0,getContrastColor
DA:6,2
DA:7,1
DA:9,1
DA:10,1
DA:13,0
DA:16,0
DA:20,0
DA:22,1
DA:23,1
DA:31,2
DA:32,0
DA:33,0
DA:34,0
DA:41,2
DA:42,0
DA:50,2
DA:52,0
DA:53,0
DA:54,0
DA:55,0
DA:58,0
DA:60,0
DA:64,0
LF:23
LH:9
BRDA:52,0,0,0
BRDA:60,1,0,0
BRDA:60,1,1,0
BRF:3
BRH:0
end_of_record
