{"C:\\Users\\lord_\\Repos\\keysako-js\\packages\\react\\src\\KeysakoButton.tsx": {"path":"C:\\Users\\lord_\\Repos\\keysako-js\\packages\\react\\src\\KeysakoButton.tsx","statementMap":{"0":{"start":{"line":1,"column":0},"end":{"line":1,"column":59}},"1":{"start":{"line":2,"column":0},"end":{"line":2,"column":81}},"2":{"start":{"line":4,"column":0},"end":{"line":4,"column":47}},"3":{"start":{"line":11,"column":59},"end":{"line":108,"column":1}},"4":{"start":{"line":25,"column":20},"end":{"line":25,"column":48}},"5":{"start":{"line":26,"column":46},"end":{"line":26,"column":79}},"6":{"start":{"line":27,"column":18},"end":{"line":27,"column":30}},"7":{"start":{"line":30,"column":24},"end":{"line":30,"column":38}},"8":{"start":{"line":31,"column":27},"end":{"line":31,"column":38}},"9":{"start":{"line":32,"column":24},"end":{"line":32,"column":32}},"10":{"start":{"line":34,"column":2},"end":{"line":80,"column":5}},"11":{"start":{"line":35,"column":4},"end":{"line":35,"column":35}},"12":{"start":{"line":35,"column":28},"end":{"line":35,"column":35}},"13":{"start":{"line":38,"column":25},"end":{"line":38,"column":56}},"14":{"start":{"line":41,"column":19},"end":{"line":52,"column":6}},"15":{"start":{"line":55,"column":4},"end":{"line":55,"column":50}},"16":{"start":{"line":56,"column":4},"end":{"line":56,"column":48}},"17":{"start":{"line":59,"column":26},"end":{"line":59,"column":54}},"18":{"start":{"line":60,"column":4},"end":{"line":60,"column":49}},"19":{"start":{"line":63,"column":4},"end":{"line":63,"column":30}},"20":{"start":{"line":66,"column":4},"end":{"line":70,"column":6}},"21":{"start":{"line":67,"column":6},"end":{"line":69,"column":null}},"22":{"start":{"line":68,"column":8},"end":{"line":68,"column":41}},"23":{"start":{"line":83,"column":2},"end":{"line":98,"column":27}},"24":{"start":{"line":84,"column":31},"end":{"line":91,"column":5}},"25":{"start":{"line":85,"column":21},"end":{"line":85,"column":33}},"26":{"start":{"line":86,"column":6},"end":{"line":90,"column":null}},"27":{"start":{"line":87,"column":8},"end":{"line":87,"column":26}},"28":{"start":{"line":88,"column":13},"end":{"line":90,"column":null}},"29":{"start":{"line":89,"column":8},"end":{"line":89,"column":60}},"30":{"start":{"line":93,"column":4},"end":{"line":93,"column":91}},"31":{"start":{"line":95,"column":4},"end":{"line":97,"column":6}},"32":{"start":{"line":96,"column":6},"end":{"line":96,"column":96}},"33":{"start":{"line":100,"column":2},"end":{"line":107,"column":4}},"34":{"start":{"line":11,"column":13},"end":{"line":11,"column":59}}},"fnMap":{"0":{"name":"(anonymous_6)","decl":{"start":{"line":11,"column":59},"end":{"line":11,"column":60}},"loc":{"start":{"line":24,"column":5},"end":{"line":108,"column":1}}},"1":{"name":"(anonymous_7)","decl":{"start":{"line":34,"column":12},"end":{"line":34,"column":15}},"loc":{"start":{"line":34,"column":17},"end":{"line":71,"column":3}}},"2":{"name":"(anonymous_8)","decl":{"start":{"line":66,"column":11},"end":{"line":66,"column":14}},"loc":{"start":{"line":66,"column":16},"end":{"line":70,"column":5}}},"3":{"name":"(anonymous_9)","decl":{"start":{"line":83,"column":12},"end":{"line":83,"column":15}},"loc":{"start":{"line":83,"column":17},"end":{"line":98,"column":3}}},"4":{"name":"(anonymous_10)","decl":{"start":{"line":84,"column":31},"end":{"line":84,"column":32}},"loc":{"start":{"line":84,"column":54},"end":{"line":91,"column":5}}},"5":{"name":"(anonymous_11)","decl":{"start":{"line":95,"column":11},"end":{"line":95,"column":14}},"loc":{"start":{"line":95,"column":16},"end":{"line":97,"column":5}}}},"branchMap":{"0":{"loc":{"start":{"line":14,"column":2},"end":{"line":14,"column":19}},"type":"default-arg","locations":[{"start":{"line":14,"column":10},"end":{"line":14,"column":19}}]},"1":{"loc":{"start":{"line":15,"column":2},"end":{"line":15,"column":19}},"type":"default-arg","locations":[{"start":{"line":15,"column":10},"end":{"line":15,"column":19}}]},"2":{"loc":{"start":{"line":16,"column":2},"end":{"line":16,"column":18}},"type":"default-arg","locations":[{"start":{"line":16,"column":13},"end":{"line":16,"column":18}}]},"3":{"loc":{"start":{"line":17,"column":2},"end":{"line":17,"column":18}},"type":"default-arg","locations":[{"start":{"line":17,"column":13},"end":{"line":17,"column":18}}]},"4":{"loc":{"start":{"line":30,"column":24},"end":{"line":30,"column":38}},"type":"binary-expr","locations":[{"start":{"line":30,"column":24},"end":{"line":30,"column":32}},{"start":{"line":30,"column":36},"end":{"line":30,"column":38}}]},"5":{"loc":{"start":{"line":35,"column":4},"end":{"line":35,"column":35}},"type":"if","locations":[{"start":{"line":35,"column":4},"end":{"line":35,"column":35}}]},"6":{"loc":{"start":{"line":67,"column":6},"end":{"line":69,"column":null}},"type":"if","locations":[{"start":{"line":67,"column":6},"end":{"line":69,"column":null}}]},"7":{"loc":{"start":{"line":86,"column":6},"end":{"line":90,"column":null}},"type":"if","locations":[{"start":{"line":86,"column":6},"end":{"line":90,"column":null}},{"start":{"line":88,"column":13},"end":{"line":90,"column":null}}]},"8":{"loc":{"start":{"line":86,"column":10},"end":{"line":86,"column":37}},"type":"binary-expr","locations":[{"start":{"line":86,"column":10},"end":{"line":86,"column":24}},{"start":{"line":86,"column":28},"end":{"line":86,"column":37}}]},"9":{"loc":{"start":{"line":88,"column":13},"end":{"line":90,"column":null}},"type":"if","locations":[{"start":{"line":88,"column":13},"end":{"line":90,"column":null}}]},"10":{"loc":{"start":{"line":88,"column":17},"end":{"line":88,"column":43}},"type":"binary-expr","locations":[{"start":{"line":88,"column":17},"end":{"line":88,"column":32}},{"start":{"line":88,"column":36},"end":{"line":88,"column":43}}]},"11":{"loc":{"start":{"line":89,"column":25},"end":{"line":89,"column":56}},"type":"binary-expr","locations":[{"start":{"line":89,"column":25},"end":{"line":89,"column":37}},{"start":{"line":89,"column":41},"end":{"line":89,"column":56}}]}},"s":{"0":0,"1":0,"2":0,"3":0,"4":0,"5":0,"6":0,"7":0,"8":0,"9":0,"10":0,"11":0,"12":0,"13":0,"14":0,"15":0,"16":0,"17":0,"18":0,"19":0,"20":0,"21":0,"22":0,"23":0,"24":0,"25":0,"26":0,"27":0,"28":0,"29":0,"30":0,"31":0,"32":0,"33":0,"34":0},"f":{"0":0,"1":0,"2":0,"3":0,"4":0,"5":0},"b":{"0":[0],"1":[0],"2":[0],"3":[0],"4":[0,0],"5":[0],"6":[0],"7":[0,0],"8":[0,0],"9":[0],"10":[0,0],"11":[0,0]}}
,"C:\\Users\\lord_\\Repos\\keysako-js\\packages\\react\\src\\KeysakoProvider.tsx": {"path":"C:\\Users\\lord_\\Repos\\keysako-js\\packages\\react\\src\\KeysakoProvider.tsx","statementMap":{"0":{"start":{"line":1,"column":0},"end":{"line":1,"column":78}},"1":{"start":{"line":2,"column":0},"end":{"line":2,"column":84}},"2":{"start":{"line":17,"column":23},"end":{"line":23,"column":2}},"3":{"start":{"line":21,"column":24},"end":{"line":21,"column":28}},"4":{"start":{"line":22,"column":20},"end":{"line":22,"column":24}},"5":{"start":{"line":29,"column":26},"end":{"line":29,"column":58}},"6":{"start":{"line":29,"column":32},"end":{"line":29,"column":58}},"7":{"start":{"line":29,"column":13},"end":{"line":29,"column":26}},"8":{"start":{"line":36,"column":63},"end":{"line":118,"column":1}},"9":{"start":{"line":43,"column":48},"end":{"line":43,"column":63}},"10":{"start":{"line":44,"column":34},"end":{"line":44,"column":73}},"11":{"start":{"line":45,"column":42},"end":{"line":45,"column":77}},"12":{"start":{"line":47,"column":2},"end":{"line":83,"column":45}},"13":{"start":{"line":49,"column":21},"end":{"line":49,"column":47}},"14":{"start":{"line":50,"column":4},"end":{"line":50,"column":30}},"15":{"start":{"line":52,"column":29},"end":{"line":60,"column":6}},"16":{"start":{"line":58,"column":8},"end":{"line":58,"column":43}},"17":{"start":{"line":62,"column":4},"end":{"line":62,"column":34}},"18":{"start":{"line":65,"column":4},"end":{"line":65,"column":55}},"19":{"start":{"line":68,"column":32},"end":{"line":70,"column":5}},"20":{"start":{"line":69,"column":6},"end":{"line":69,"column":57}},"21":{"start":{"line":72,"column":32},"end":{"line":74,"column":5}},"22":{"start":{"line":73,"column":6},"end":{"line":73,"column":32}},"23":{"start":{"line":76,"column":4},"end":{"line":76,"column":75}},"24":{"start":{"line":77,"column":4},"end":{"line":77,"column":75}},"25":{"start":{"line":79,"column":4},"end":{"line":82,"column":6}},"26":{"start":{"line":80,"column":6},"end":{"line":80,"column":80}},"27":{"start":{"line":81,"column":6},"end":{"line":81,"column":80}},"28":{"start":{"line":85,"column":16},"end":{"line":89,"column":3}},"29":{"start":{"line":86,"column":4},"end":{"line":88,"column":null}},"30":{"start":{"line":87,"column":6},"end":{"line":87,"column":29}},"31":{"start":{"line":91,"column":17},"end":{"line":95,"column":3}},"32":{"start":{"line":92,"column":4},"end":{"line":94,"column":null}},"33":{"start":{"line":93,"column":6},"end":{"line":93,"column":30}},"34":{"start":{"line":97,"column":25},"end":{"line":99,"column":3}},"35":{"start":{"line":98,"column":4},"end":{"line":98,"column":63}},"36":{"start":{"line":101,"column":21},"end":{"line":103,"column":3}},"37":{"start":{"line":102,"column":4},"end":{"line":102,"column":59}},"38":{"start":{"line":105,"column":43},"end":{"line":111,"column":4}},"39":{"start":{"line":113,"column":2},"end":{"line":117,"column":4}},"40":{"start":{"line":36,"column":13},"end":{"line":36,"column":63}}},"fnMap":{"0":{"name":"(anonymous_6)","decl":{"start":{"line":19,"column":9},"end":{"line":19,"column":14}},"loc":{"start":{"line":19,"column":20},"end":{"line":19,"column":23}}},"1":{"name":"(anonymous_7)","decl":{"start":{"line":20,"column":10},"end":{"line":20,"column":15}},"loc":{"start":{"line":20,"column":21},"end":{"line":20,"column":24}}},"2":{"name":"(anonymous_8)","decl":{"start":{"line":21,"column":18},"end":{"line":21,"column":21}},"loc":{"start":{"line":21,"column":24},"end":{"line":21,"column":28}}},"3":{"name":"(anonymous_9)","decl":{"start":{"line":22,"column":14},"end":{"line":22,"column":17}},"loc":{"start":{"line":22,"column":20},"end":{"line":22,"column":24}}},"4":{"name":"(anonymous_10)","decl":{"start":{"line":29,"column":26},"end":{"line":29,"column":29}},"loc":{"start":{"line":29,"column":32},"end":{"line":29,"column":58}}},"5":{"name":"(anonymous_11)","decl":{"start":{"line":36,"column":63},"end":{"line":36,"column":64}},"loc":{"start":{"line":42,"column":5},"end":{"line":118,"column":1}}},"6":{"name":"(anonymous_12)","decl":{"start":{"line":47,"column":12},"end":{"line":47,"column":15}},"loc":{"start":{"line":47,"column":17},"end":{"line":83,"column":3}}},"7":{"name":"(anonymous_13)","decl":{"start":{"line":57,"column":22},"end":{"line":57,"column":23}},"loc":{"start":{"line":57,"column":45},"end":{"line":59,"column":7}}},"8":{"name":"(anonymous_14)","decl":{"start":{"line":68,"column":32},"end":{"line":68,"column":35}},"loc":{"start":{"line":68,"column":37},"end":{"line":70,"column":5}}},"9":{"name":"(anonymous_15)","decl":{"start":{"line":72,"column":32},"end":{"line":72,"column":35}},"loc":{"start":{"line":72,"column":37},"end":{"line":74,"column":5}}},"10":{"name":"(anonymous_16)","decl":{"start":{"line":79,"column":11},"end":{"line":79,"column":14}},"loc":{"start":{"line":79,"column":16},"end":{"line":82,"column":5}}},"11":{"name":"(anonymous_17)","decl":{"start":{"line":85,"column":16},"end":{"line":85,"column":21}},"loc":{"start":{"line":85,"column":27},"end":{"line":89,"column":3}}},"12":{"name":"(anonymous_18)","decl":{"start":{"line":91,"column":17},"end":{"line":91,"column":22}},"loc":{"start":{"line":91,"column":28},"end":{"line":95,"column":3}}},"13":{"name":"(anonymous_19)","decl":{"start":{"line":97,"column":25},"end":{"line":97,"column":28}},"loc":{"start":{"line":97,"column":30},"end":{"line":99,"column":3}}},"14":{"name":"(anonymous_20)","decl":{"start":{"line":101,"column":21},"end":{"line":101,"column":24}},"loc":{"start":{"line":101,"column":26},"end":{"line":103,"column":3}}}},"branchMap":{"0":{"loc":{"start":{"line":40,"column":2},"end":{"line":40,"column":18}},"type":"default-arg","locations":[{"start":{"line":40,"column":13},"end":{"line":40,"column":18}}]},"1":{"loc":{"start":{"line":86,"column":4},"end":{"line":88,"column":null}},"type":"if","locations":[{"start":{"line":86,"column":4},"end":{"line":88,"column":null}}]},"2":{"loc":{"start":{"line":92,"column":4},"end":{"line":94,"column":null}},"type":"if","locations":[{"start":{"line":92,"column":4},"end":{"line":94,"column":null}}]},"3":{"loc":{"start":{"line":98,"column":11},"end":{"line":98,"column":62}},"type":"cond-expr","locations":[{"start":{"line":98,"column":26},"end":{"line":98,"column":55}},{"start":{"line":98,"column":58},"end":{"line":98,"column":62}}]},"4":{"loc":{"start":{"line":102,"column":11},"end":{"line":102,"column":58}},"type":"cond-expr","locations":[{"start":{"line":102,"column":26},"end":{"line":102,"column":51}},{"start":{"line":102,"column":54},"end":{"line":102,"column":58}}]}},"s":{"0":0,"1":0,"2":0,"3":0,"4":0,"5":0,"6":0,"7":0,"8":0,"9":0,"10":0,"11":0,"12":0,"13":0,"14":0,"15":0,"16":0,"17":0,"18":0,"19":0,"20":0,"21":0,"22":0,"23":0,"24":0,"25":0,"26":0,"27":0,"28":0,"29":0,"30":0,"31":0,"32":0,"33":0,"34":0,"35":0,"36":0,"37":0,"38":0,"39":0,"40":0},"f":{"0":0,"1":0,"2":0,"3":0,"4":0,"5":0,"6":0,"7":0,"8":0,"9":0,"10":0,"11":0,"12":0,"13":0,"14":0},"b":{"0":[0],"1":[0],"2":[0],"3":[0,0],"4":[0,0]}}
,"C:\\Users\\lord_\\Repos\\keysako-js\\packages\\react\\src\\index.ts": {"path":"C:\\Users\\lord_\\Repos\\keysako-js\\packages\\react\\src\\index.ts","statementMap":{"0":{"start":{"line":1,"column":0},"end":{"line":1,"column":9}},"1":{"start":{"line":1,"column":9},"end":{"line":1,"column":48}},"2":{"start":{"line":2,"column":0},"end":{"line":2,"column":9}},"3":{"start":{"line":2,"column":9},"end":{"line":2,"column":26}},"4":{"start":{"line":2,"column":26},"end":{"line":2,"column":64}},"5":{"start":{"line":3,"column":0},"end":{"line":3,"column":24}}},"fnMap":{"0":{"name":"(anonymous_4)","decl":{"start":{"line":1,"column":9},"end":{"line":1,"column":22}},"loc":{"start":{"line":1,"column":9},"end":{"line":1,"column":48}}},"1":{"name":"(anonymous_5)","decl":{"start":{"line":2,"column":9},"end":{"line":2,"column":24}},"loc":{"start":{"line":2,"column":9},"end":{"line":2,"column":26}}},"2":{"name":"(anonymous_6)","decl":{"start":{"line":2,"column":26},"end":{"line":2,"column":36}},"loc":{"start":{"line":2,"column":26},"end":{"line":2,"column":64}}}},"branchMap":{},"s":{"0":0,"1":0,"2":0,"3":0,"4":0,"5":0},"f":{"0":0,"1":0,"2":0},"b":{}}
}
