{"C:\\Users\\lord_\\source\\repos\\Perso\\Keysako\\keysako-js\\packages\\react\\src\\KeysakoButton.tsx": {"path":"C:\\Users\\lord_\\source\\repos\\Perso\\Keysako\\keysako-js\\packages\\react\\src\\KeysakoButton.tsx","statementMap":{"0":{"start":{"line":1,"column":0},"end":{"line":1,"column":81}},"1":{"start":{"line":2,"column":0},"end":{"line":2,"column":49}},"2":{"start":{"line":11,"column":59},"end":{"line":87,"column":1}},"3":{"start":{"line":25,"column":20},"end":{"line":25,"column":48}},"4":{"start":{"line":28,"column":24},"end":{"line":28,"column":38}},"5":{"start":{"line":29,"column":27},"end":{"line":29,"column":38}},"6":{"start":{"line":30,"column":24},"end":{"line":30,"column":32}},"7":{"start":{"line":32,"column":2},"end":{"line":66,"column":92}},"8":{"start":{"line":33,"column":4},"end":{"line":33,"column":35}},"9":{"start":{"line":33,"column":28},"end":{"line":33,"column":35}},"10":{"start":{"line":36,"column":25},"end":{"line":36,"column":56}},"11":{"start":{"line":39,"column":19},"end":{"line":50,"column":6}},"12":{"start":{"line":53,"column":4},"end":{"line":53,"column":50}},"13":{"start":{"line":54,"column":4},"end":{"line":54,"column":48}},"14":{"start":{"line":57,"column":26},"end":{"line":57,"column":54}},"15":{"start":{"line":58,"column":4},"end":{"line":58,"column":49}},"16":{"start":{"line":61,"column":4},"end":{"line":65,"column":6}},"17":{"start":{"line":62,"column":6},"end":{"line":64,"column":null}},"18":{"start":{"line":63,"column":8},"end":{"line":63,"column":41}},"19":{"start":{"line":69,"column":2},"end":{"line":84,"column":27}},"20":{"start":{"line":70,"column":31},"end":{"line":77,"column":5}},"21":{"start":{"line":71,"column":21},"end":{"line":71,"column":33}},"22":{"start":{"line":72,"column":6},"end":{"line":76,"column":null}},"23":{"start":{"line":73,"column":8},"end":{"line":73,"column":26}},"24":{"start":{"line":74,"column":13},"end":{"line":76,"column":null}},"25":{"start":{"line":75,"column":8},"end":{"line":75,"column":60}},"26":{"start":{"line":79,"column":4},"end":{"line":79,"column":91}},"27":{"start":{"line":81,"column":4},"end":{"line":83,"column":6}},"28":{"start":{"line":82,"column":6},"end":{"line":82,"column":96}},"29":{"start":{"line":86,"column":2},"end":{"line":86,"column":96}},"30":{"start":{"line":11,"column":13},"end":{"line":11,"column":59}}},"fnMap":{"0":{"name":"(anonymous_6)","decl":{"start":{"line":11,"column":59},"end":{"line":11,"column":60}},"loc":{"start":{"line":24,"column":5},"end":{"line":87,"column":1}}},"1":{"name":"(anonymous_7)","decl":{"start":{"line":32,"column":12},"end":{"line":32,"column":15}},"loc":{"start":{"line":32,"column":17},"end":{"line":66,"column":3}}},"2":{"name":"(anonymous_8)","decl":{"start":{"line":61,"column":11},"end":{"line":61,"column":14}},"loc":{"start":{"line":61,"column":16},"end":{"line":65,"column":5}}},"3":{"name":"(anonymous_9)","decl":{"start":{"line":69,"column":12},"end":{"line":69,"column":15}},"loc":{"start":{"line":69,"column":17},"end":{"line":84,"column":3}}},"4":{"name":"(anonymous_10)","decl":{"start":{"line":70,"column":31},"end":{"line":70,"column":32}},"loc":{"start":{"line":70,"column":54},"end":{"line":77,"column":5}}},"5":{"name":"(anonymous_11)","decl":{"start":{"line":81,"column":11},"end":{"line":81,"column":14}},"loc":{"start":{"line":81,"column":16},"end":{"line":83,"column":5}}}},"branchMap":{"0":{"loc":{"start":{"line":14,"column":2},"end":{"line":14,"column":19}},"type":"default-arg","locations":[{"start":{"line":14,"column":10},"end":{"line":14,"column":19}}]},"1":{"loc":{"start":{"line":15,"column":2},"end":{"line":15,"column":19}},"type":"default-arg","locations":[{"start":{"line":15,"column":10},"end":{"line":15,"column":19}}]},"2":{"loc":{"start":{"line":16,"column":2},"end":{"line":16,"column":18}},"type":"default-arg","locations":[{"start":{"line":16,"column":13},"end":{"line":16,"column":18}}]},"3":{"loc":{"start":{"line":17,"column":2},"end":{"line":17,"column":18}},"type":"default-arg","locations":[{"start":{"line":17,"column":13},"end":{"line":17,"column":18}}]},"4":{"loc":{"start":{"line":28,"column":24},"end":{"line":28,"column":38}},"type":"binary-expr","locations":[{"start":{"line":28,"column":24},"end":{"line":28,"column":32}},{"start":{"line":28,"column":36},"end":{"line":28,"column":38}}]},"5":{"loc":{"start":{"line":33,"column":4},"end":{"line":33,"column":35}},"type":"if","locations":[{"start":{"line":33,"column":4},"end":{"line":33,"column":35}}]},"6":{"loc":{"start":{"line":62,"column":6},"end":{"line":64,"column":null}},"type":"if","locations":[{"start":{"line":62,"column":6},"end":{"line":64,"column":null}}]},"7":{"loc":{"start":{"line":72,"column":6},"end":{"line":76,"column":null}},"type":"if","locations":[{"start":{"line":72,"column":6},"end":{"line":76,"column":null}},{"start":{"line":74,"column":13},"end":{"line":76,"column":null}}]},"8":{"loc":{"start":{"line":72,"column":10},"end":{"line":72,"column":37}},"type":"binary-expr","locations":[{"start":{"line":72,"column":10},"end":{"line":72,"column":24}},{"start":{"line":72,"column":28},"end":{"line":72,"column":37}}]},"9":{"loc":{"start":{"line":74,"column":13},"end":{"line":76,"column":null}},"type":"if","locations":[{"start":{"line":74,"column":13},"end":{"line":76,"column":null}}]},"10":{"loc":{"start":{"line":74,"column":17},"end":{"line":74,"column":43}},"type":"binary-expr","locations":[{"start":{"line":74,"column":17},"end":{"line":74,"column":32}},{"start":{"line":74,"column":36},"end":{"line":74,"column":43}}]},"11":{"loc":{"start":{"line":75,"column":25},"end":{"line":75,"column":56}},"type":"binary-expr","locations":[{"start":{"line":75,"column":25},"end":{"line":75,"column":37}},{"start":{"line":75,"column":41},"end":{"line":75,"column":56}}]}},"s":{"0":1,"1":1,"2":1,"3":6,"4":6,"5":6,"6":6,"7":6,"8":6,"9":0,"10":6,"11":6,"12":6,"13":6,"14":6,"15":6,"16":6,"17":6,"18":0,"19":6,"20":6,"21":2,"22":2,"23":1,"24":1,"25":1,"26":6,"27":6,"28":6,"29":6,"30":1},"f":{"0":6,"1":6,"2":6,"3":6,"4":2,"5":6},"b":{"0":[5],"1":[5],"2":[6],"3":[6],"4":[6,0],"5":[0],"6":[0],"7":[1,1],"8":[2,1],"9":[1],"10":[1,1],"11":[1,0]}}
,"C:\\Users\\lord_\\source\\repos\\Perso\\Keysako\\keysako-js\\packages\\react\\src\\index.ts": {"path":"C:\\Users\\lord_\\source\\repos\\Perso\\Keysako\\keysako-js\\packages\\react\\src\\index.ts","statementMap":{"0":{"start":{"line":1,"column":0},"end":{"line":1,"column":9}},"1":{"start":{"line":1,"column":9},"end":{"line":1,"column":48}},"2":{"start":{"line":2,"column":0},"end":{"line":2,"column":24}}},"fnMap":{"0":{"name":"(anonymous_4)","decl":{"start":{"line":1,"column":9},"end":{"line":1,"column":22}},"loc":{"start":{"line":1,"column":9},"end":{"line":1,"column":48}}}},"branchMap":{},"s":{"0":0,"1":0,"2":0},"f":{"0":0},"b":{}}
}
