TN:
SF:src\KeysakoButton.tsx
FN:11,(anonymous_6)
FN:32,(anonymous_7)
FN:61,(anonymous_8)
FN:69,(anonymous_9)
FN:70,(anonymous_10)
FN:81,(anonymous_11)
FNF:6
FNH:6
FNDA:6,(anonymous_6)
FNDA:6,(anonymous_7)
FNDA:6,(anonymous_8)
FNDA:6,(anonymous_9)
FNDA:2,(anonymous_10)
FNDA:6,(anonymous_11)
DA:1,1
DA:2,1
DA:11,1
DA:25,6
DA:28,6
DA:29,6
DA:30,6
DA:32,6
DA:33,6
DA:36,6
DA:39,6
DA:53,6
DA:54,6
DA:57,6
DA:58,6
DA:61,6
DA:62,6
DA:63,0
DA:69,6
DA:70,6
DA:71,2
DA:72,2
DA:73,1
DA:74,1
DA:75,1
DA:79,6
DA:81,6
DA:82,6
DA:86,6
LF:29
LH:28
BRDA:14,0,0,5
BRDA:15,1,0,5
BRDA:16,2,0,6
BRDA:17,3,0,6
BRDA:28,4,0,6
BRDA:28,4,1,0
BRDA:33,5,0,0
BRDA:62,6,0,0
BRDA:72,7,0,1
BRDA:72,7,1,1
BRDA:72,8,0,2
BRDA:72,8,1,1
BRDA:74,9,0,1
BRDA:74,10,0,1
BRDA:74,10,1,1
BRDA:75,11,0,1
BRDA:75,11,1,0
BRF:17
BRH:13
end_of_record
TN:
SF:src\index.ts
FN:1,(anonymous_4)
FNF:1
FNH:0
FNDA:0,(anonymous_4)
DA:1,0
DA:2,0
LF:2
LH:0
BRF:0
BRH:0
end_of_record
