{"C:\\Users\\lord_\\Repos\\keysako-js\\packages\\vue\\src\\KeysakoButton.ts": {"path":"C:\\Users\\lord_\\Repos\\keysako-js\\packages\\vue\\src\\KeysakoButton.ts","statementMap":{"0":{"start":{"line":1,"column":0},"end":{"line":1,"column":null}},"1":{"start":{"line":9,"column":0},"end":{"line":9,"column":80}},"2":{"start":{"line":14,"column":13},"end":{"line":129,"column":3}},"3":{"start":{"line":56,"column":22},"end":{"line":56,"column":24}},"4":{"start":{"line":63,"column":22},"end":{"line":63,"column":54}},"5":{"start":{"line":64,"column":44},"end":{"line":64,"column":48}},"6":{"start":{"line":66,"column":4},"end":{"line":119,"column":7}},"7":{"start":{"line":67,"column":6},"end":{"line":67,"column":35}},"8":{"start":{"line":67,"column":28},"end":{"line":67,"column":35}},"9":{"start":{"line":70,"column":27},"end":{"line":70,"column":58}},"10":{"start":{"line":73,"column":6},"end":{"line":88,"column":9}},"11":{"start":{"line":83,"column":10},"end":{"line":83,"column":34}},"12":{"start":{"line":86,"column":10},"end":{"line":86,"column":31}},"13":{"start":{"line":91,"column":6},"end":{"line":91,"column":60}},"14":{"start":{"line":92,"column":6},"end":{"line":92,"column":48}},"15":{"start":{"line":95,"column":28},"end":{"line":95,"column":64}},"16":{"start":{"line":96,"column":6},"end":{"line":96,"column":49}},"17":{"start":{"line":99,"column":33},"end":{"line":106,"column":7}},"18":{"start":{"line":100,"column":23},"end":{"line":100,"column":35}},"19":{"start":{"line":101,"column":8},"end":{"line":105,"column":null}},"20":{"start":{"line":102,"column":10},"end":{"line":102,"column":34}},"21":{"start":{"line":104,"column":10},"end":{"line":104,"column":68}},"22":{"start":{"line":108,"column":6},"end":{"line":108,"column":93}},"23":{"start":{"line":111,"column":6},"end":{"line":118,"column":9}},"24":{"start":{"line":112,"column":8},"end":{"line":112,"column":98}},"25":{"start":{"line":115,"column":8},"end":{"line":117,"column":null}},"26":{"start":{"line":116,"column":10},"end":{"line":116,"column":41}},"27":{"start":{"line":121,"column":4},"end":{"line":127,"column":9}},"28":{"start":{"line":122,"column":6},"end":{"line":127,"column":8}}},"fnMap":{"0":{"name":"(anonymous_0)","decl":{"start":{"line":56,"column":15},"end":{"line":56,"column":18}},"loc":{"start":{"line":56,"column":22},"end":{"line":56,"column":24}}},"1":{"name":"(anonymous_1)","decl":{"start":{"line":62,"column":2},"end":{"line":62,"column":7}},"loc":{"start":{"line":62,"column":23},"end":{"line":128,"column":3}}},"2":{"name":"(anonymous_2)","decl":{"start":{"line":66,"column":14},"end":{"line":66,"column":17}},"loc":{"start":{"line":66,"column":19},"end":{"line":119,"column":5}}},"3":{"name":"(anonymous_3)","decl":{"start":{"line":82,"column":19},"end":{"line":82,"column":20}},"loc":{"start":{"line":82,"column":42},"end":{"line":84,"column":9}}},"4":{"name":"(anonymous_4)","decl":{"start":{"line":85,"column":17},"end":{"line":85,"column":18}},"loc":{"start":{"line":85,"column":38},"end":{"line":87,"column":9}}},"5":{"name":"(anonymous_5)","decl":{"start":{"line":99,"column":33},"end":{"line":99,"column":34}},"loc":{"start":{"line":99,"column":56},"end":{"line":106,"column":7}}},"6":{"name":"(anonymous_6)","decl":{"start":{"line":111,"column":18},"end":{"line":111,"column":21}},"loc":{"start":{"line":111,"column":23},"end":{"line":118,"column":7}}},"7":{"name":"(anonymous_7)","decl":{"start":{"line":121,"column":11},"end":{"line":121,"column":14}},"loc":{"start":{"line":122,"column":6},"end":{"line":127,"column":8}}}},"branchMap":{"0":{"loc":{"start":{"line":67,"column":6},"end":{"line":67,"column":35}},"type":"if","locations":[{"start":{"line":67,"column":6},"end":{"line":67,"column":35}}]},"1":{"loc":{"start":{"line":101,"column":8},"end":{"line":105,"column":null}},"type":"if","locations":[{"start":{"line":101,"column":8},"end":{"line":105,"column":null}},{"start":{"line":103,"column":15},"end":{"line":105,"column":null}}]},"2":{"loc":{"start":{"line":104,"column":33},"end":{"line":104,"column":64}},"type":"binary-expr","locations":[{"start":{"line":104,"column":33},"end":{"line":104,"column":45}},{"start":{"line":104,"column":49},"end":{"line":104,"column":64}}]},"3":{"loc":{"start":{"line":115,"column":8},"end":{"line":117,"column":null}},"type":"if","locations":[{"start":{"line":115,"column":8},"end":{"line":117,"column":null}}]}},"s":{"0":0,"1":0,"2":0,"3":0,"4":0,"5":0,"6":0,"7":0,"8":0,"9":0,"10":0,"11":0,"12":0,"13":0,"14":0,"15":0,"16":0,"17":0,"18":0,"19":0,"20":0,"21":0,"22":0,"23":0,"24":0,"25":0,"26":0,"27":0,"28":0},"f":{"0":0,"1":0,"2":0,"3":0,"4":0,"5":0,"6":0,"7":0},"b":{"0":[0],"1":[0,0],"2":[0,0],"3":[0]}}
,"C:\\Users\\lord_\\Repos\\keysako-js\\packages\\vue\\src\\createKeysako.ts": {"path":"C:\\Users\\lord_\\Repos\\keysako-js\\packages\\vue\\src\\createKeysako.ts","statementMap":{"0":{"start":{"line":1,"column":0},"end":{"line":1,"column":null}},"1":{"start":{"line":8,"column":0},"end":{"line":8,"column":50}},"2":{"start":{"line":18,"column":59},"end":{"line":18,"column":66}},"3":{"start":{"line":20,"column":40},"end":{"line":20,"column":50}},"4":{"start":{"line":21,"column":42},"end":{"line":21,"column":46}},"5":{"start":{"line":22,"column":42},"end":{"line":22,"column":46}},"6":{"start":{"line":25,"column":63},"end":{"line":25,"column":67}},"7":{"start":{"line":26,"column":59},"end":{"line":26,"column":63}},"8":{"start":{"line":28,"column":2},"end":{"line":70,"column":5}},"9":{"start":{"line":30,"column":4},"end":{"line":30,"column":46}},"10":{"start":{"line":32,"column":4},"end":{"line":46,"column":7}},"11":{"start":{"line":38,"column":8},"end":{"line":38,"column":47}},"12":{"start":{"line":40,"column":8},"end":{"line":44,"column":null}},"13":{"start":{"line":41,"column":10},"end":{"line":41,"column":34}},"14":{"start":{"line":42,"column":15},"end":{"line":44,"column":null}},"15":{"start":{"line":43,"column":10},"end":{"line":43,"column":68}},"16":{"start":{"line":49,"column":4},"end":{"line":49,"column":63}},"17":{"start":{"line":52,"column":32},"end":{"line":56,"column":5}},"18":{"start":{"line":53,"column":6},"end":{"line":55,"column":null}},"19":{"start":{"line":54,"column":8},"end":{"line":54,"column":67}},"20":{"start":{"line":58,"column":32},"end":{"line":60,"column":5}},"21":{"start":{"line":59,"column":6},"end":{"line":59,"column":36}},"22":{"start":{"line":62,"column":4},"end":{"line":62,"column":76}},"23":{"start":{"line":63,"column":4},"end":{"line":63,"column":76}},"24":{"start":{"line":66,"column":4},"end":{"line":69,"column":7}},"25":{"start":{"line":67,"column":6},"end":{"line":67,"column":81}},"26":{"start":{"line":68,"column":6},"end":{"line":68,"column":81}},"27":{"start":{"line":75,"column":16},"end":{"line":79,"column":3}},"28":{"start":{"line":76,"column":4},"end":{"line":78,"column":null}},"29":{"start":{"line":77,"column":6},"end":{"line":77,"column":29}},"30":{"start":{"line":84,"column":17},"end":{"line":88,"column":3}},"31":{"start":{"line":85,"column":4},"end":{"line":87,"column":null}},"32":{"start":{"line":86,"column":6},"end":{"line":86,"column":30}},"33":{"start":{"line":94,"column":25},"end":{"line":96,"column":3}},"34":{"start":{"line":95,"column":4},"end":{"line":95,"column":63}},"35":{"start":{"line":102,"column":21},"end":{"line":104,"column":3}},"36":{"start":{"line":103,"column":4},"end":{"line":103,"column":59}},"37":{"start":{"line":110,"column":20},"end":{"line":112,"column":3}},"38":{"start":{"line":111,"column":4},"end":{"line":111,"column":31}},"39":{"start":{"line":118,"column":18},"end":{"line":120,"column":3}},"40":{"start":{"line":119,"column":4},"end":{"line":119,"column":29}},"41":{"start":{"line":122,"column":2},"end":{"line":130,"column":4}},"42":{"start":{"line":17,"column":0},"end":{"line":17,"column":16}}},"fnMap":{"0":{"name":"createKeysako","decl":{"start":{"line":17,"column":16},"end":{"line":17,"column":29}},"loc":{"start":{"line":17,"column":53},"end":{"line":131,"column":1}}},"1":{"name":"(anonymous_1)","decl":{"start":{"line":28,"column":12},"end":{"line":28,"column":15}},"loc":{"start":{"line":28,"column":17},"end":{"line":70,"column":3}}},"2":{"name":"(anonymous_2)","decl":{"start":{"line":37,"column":22},"end":{"line":37,"column":23}},"loc":{"start":{"line":37,"column":45},"end":{"line":45,"column":7}}},"3":{"name":"(anonymous_3)","decl":{"start":{"line":52,"column":32},"end":{"line":52,"column":35}},"loc":{"start":{"line":52,"column":37},"end":{"line":56,"column":5}}},"4":{"name":"(anonymous_4)","decl":{"start":{"line":58,"column":32},"end":{"line":58,"column":35}},"loc":{"start":{"line":58,"column":37},"end":{"line":60,"column":5}}},"5":{"name":"(anonymous_5)","decl":{"start":{"line":66,"column":16},"end":{"line":66,"column":19}},"loc":{"start":{"line":66,"column":21},"end":{"line":69,"column":5}}},"6":{"name":"(anonymous_6)","decl":{"start":{"line":75,"column":16},"end":{"line":75,"column":21}},"loc":{"start":{"line":75,"column":27},"end":{"line":79,"column":3}}},"7":{"name":"(anonymous_7)","decl":{"start":{"line":84,"column":17},"end":{"line":84,"column":22}},"loc":{"start":{"line":84,"column":28},"end":{"line":88,"column":3}}},"8":{"name":"(anonymous_8)","decl":{"start":{"line":94,"column":25},"end":{"line":94,"column":28}},"loc":{"start":{"line":94,"column":30},"end":{"line":96,"column":3}}},"9":{"name":"(anonymous_9)","decl":{"start":{"line":102,"column":21},"end":{"line":102,"column":24}},"loc":{"start":{"line":102,"column":26},"end":{"line":104,"column":3}}},"10":{"name":"(anonymous_10)","decl":{"start":{"line":110,"column":20},"end":{"line":110,"column":21}},"loc":{"start":{"line":110,"column":63},"end":{"line":112,"column":3}}},"11":{"name":"(anonymous_11)","decl":{"start":{"line":118,"column":18},"end":{"line":118,"column":19}},"loc":{"start":{"line":118,"column":59},"end":{"line":120,"column":3}}}},"branchMap":{"0":{"loc":{"start":{"line":18,"column":38},"end":{"line":18,"column":54}},"type":"default-arg","locations":[{"start":{"line":18,"column":49},"end":{"line":18,"column":54}}]},"1":{"loc":{"start":{"line":40,"column":8},"end":{"line":44,"column":null}},"type":"if","locations":[{"start":{"line":40,"column":8},"end":{"line":44,"column":null}},{"start":{"line":42,"column":15},"end":{"line":44,"column":null}}]},"2":{"loc":{"start":{"line":40,"column":12},"end":{"line":40,"column":45}},"type":"binary-expr","locations":[{"start":{"line":40,"column":12},"end":{"line":40,"column":26}},{"start":{"line":40,"column":30},"end":{"line":40,"column":45}}]},"3":{"loc":{"start":{"line":42,"column":15},"end":{"line":44,"column":null}},"type":"if","locations":[{"start":{"line":42,"column":15},"end":{"line":44,"column":null}}]},"4":{"loc":{"start":{"line":42,"column":19},"end":{"line":42,"column":51}},"type":"binary-expr","locations":[{"start":{"line":42,"column":19},"end":{"line":42,"column":34}},{"start":{"line":42,"column":38},"end":{"line":42,"column":51}}]},"5":{"loc":{"start":{"line":43,"column":33},"end":{"line":43,"column":64}},"type":"binary-expr","locations":[{"start":{"line":43,"column":33},"end":{"line":43,"column":45}},{"start":{"line":43,"column":49},"end":{"line":43,"column":64}}]},"6":{"loc":{"start":{"line":53,"column":6},"end":{"line":55,"column":null}},"type":"if","locations":[{"start":{"line":53,"column":6},"end":{"line":55,"column":null}}]},"7":{"loc":{"start":{"line":76,"column":4},"end":{"line":78,"column":null}},"type":"if","locations":[{"start":{"line":76,"column":4},"end":{"line":78,"column":null}}]},"8":{"loc":{"start":{"line":85,"column":4},"end":{"line":87,"column":null}},"type":"if","locations":[{"start":{"line":85,"column":4},"end":{"line":87,"column":null}}]},"9":{"loc":{"start":{"line":95,"column":11},"end":{"line":95,"column":62}},"type":"cond-expr","locations":[{"start":{"line":95,"column":26},"end":{"line":95,"column":55}},{"start":{"line":95,"column":58},"end":{"line":95,"column":62}}]},"10":{"loc":{"start":{"line":103,"column":11},"end":{"line":103,"column":58}},"type":"cond-expr","locations":[{"start":{"line":103,"column":26},"end":{"line":103,"column":51}},{"start":{"line":103,"column":54},"end":{"line":103,"column":58}}]}},"s":{"0":1,"1":1,"2":7,"3":7,"4":7,"5":7,"6":7,"7":7,"8":7,"9":7,"10":7,"11":2,"12":2,"13":1,"14":1,"15":1,"16":7,"17":7,"18":0,"19":0,"20":7,"21":0,"22":7,"23":7,"24":7,"25":0,"26":0,"27":7,"28":1,"29":1,"30":7,"31":1,"32":1,"33":7,"34":0,"35":7,"36":0,"37":7,"38":1,"39":7,"40":1,"41":7,"42":1},"f":{"0":7,"1":7,"2":2,"3":0,"4":0,"5":0,"6":1,"7":1,"8":0,"9":0,"10":1,"11":1},"b":{"0":[7],"1":[1,1],"2":[2,1],"3":[1],"4":[1,1],"5":[1,0],"6":[0],"7":[1],"8":[1],"9":[0,0],"10":[0,0]}}
,"C:\\Users\\lord_\\Repos\\keysako-js\\packages\\vue\\src\\index.ts": {"path":"C:\\Users\\lord_\\Repos\\keysako-js\\packages\\vue\\src\\index.ts","statementMap":{"0":{"start":{"line":3,"column":0},"end":{"line":3,"column":9}},"1":{"start":{"line":8,"column":9},"end":{"line":3,"column":48}},"2":{"start":{"line":4,"column":0},"end":{"line":4,"column":9}},"3":{"start":{"line":7,"column":9},"end":{"line":4,"column":48}},"4":{"start":{"line":9,"column":0},"end":{"line":9,"column":24}},"5":{"start":{"line":12,"column":0},"end":{"line":16,"column":2}},"6":{"start":{"line":14,"column":4},"end":{"line":14,"column":50}}},"fnMap":{"0":{"name":"(anonymous_4)","decl":{"start":{"line":8,"column":9},"end":{"line":8,"column":22}},"loc":{"start":{"line":8,"column":9},"end":{"line":3,"column":48}}},"1":{"name":"(anonymous_5)","decl":{"start":{"line":7,"column":9},"end":{"line":7,"column":22}},"loc":{"start":{"line":7,"column":9},"end":{"line":4,"column":48}}},"2":{"name":"(anonymous_6)","decl":{"start":{"line":13,"column":11},"end":{"line":13,"column":12}},"loc":{"start":{"line":13,"column":32},"end":{"line":15,"column":3}}}},"branchMap":{"0":{"loc":{"start":{"line":13,"column":22},"end":{"line":13,"column":28}},"type":"default-arg","locations":[{"start":{"line":13,"column":26},"end":{"line":13,"column":28}}]}},"s":{"0":0,"1":0,"2":0,"3":0,"4":0,"5":0,"6":0},"f":{"0":0,"1":0,"2":0},"b":{"0":[0]}}
,"C:\\Users\\lord_\\Repos\\keysako-js\\packages\\vue\\src\\vue-shims.d.ts": {"path":"C:\\Users\\lord_\\Repos\\keysako-js\\packages\\vue\\src\\vue-shims.d.ts","statementMap":{},"fnMap":{},"branchMap":{},"s":{},"f":{},"b":{}}
}
