TN:
SF:src\KeysakoButton.ts
FN:56,(anonymous_0)
FN:62,(anonymous_1)
FN:66,(anonymous_2)
FN:82,(anonymous_3)
FN:85,(anonymous_4)
FN:99,(anonymous_5)
FN:111,(anonymous_6)
FN:121,(anonymous_7)
FNF:8
FNH:0
FNDA:0,(anonymous_0)
FNDA:0,(anonymous_1)
FNDA:0,(anonymous_2)
FNDA:0,(anonymous_3)
FNDA:0,(anonymous_4)
FNDA:0,(anonymous_5)
FNDA:0,(anonymous_6)
FNDA:0,(anonymous_7)
DA:1,0
DA:9,0
DA:14,0
DA:56,0
DA:63,0
DA:64,0
DA:66,0
DA:67,0
DA:70,0
DA:73,0
DA:83,0
DA:86,0
DA:91,0
DA:92,0
DA:95,0
DA:96,0
DA:99,0
DA:100,0
DA:101,0
DA:102,0
DA:104,0
DA:108,0
DA:111,0
DA:112,0
DA:115,0
DA:116,0
DA:121,0
DA:122,0
LF:28
LH:0
BRDA:67,0,0,0
BRDA:101,1,0,0
BRDA:101,1,1,0
BRDA:104,2,0,0
BRDA:104,2,1,0
BRDA:115,3,0,0
BRF:6
BRH:0
end_of_record
TN:
SF:src\createKeysako.ts
FN:17,createKeysako
FN:28,(anonymous_1)
FN:37,(anonymous_2)
FN:52,(anonymous_3)
FN:58,(anonymous_4)
FN:66,(anonymous_5)
FN:75,(anonymous_6)
FN:84,(anonymous_7)
FN:94,(anonymous_8)
FN:102,(anonymous_9)
FN:110,(anonymous_10)
FN:118,(anonymous_11)
FNF:12
FNH:7
FNDA:7,createKeysako
FNDA:7,(anonymous_1)
FNDA:2,(anonymous_2)
FNDA:0,(anonymous_3)
FNDA:0,(anonymous_4)
FNDA:0,(anonymous_5)
FNDA:1,(anonymous_6)
FNDA:1,(anonymous_7)
FNDA:0,(anonymous_8)
FNDA:0,(anonymous_9)
FNDA:1,(anonymous_10)
FNDA:1,(anonymous_11)
DA:1,1
DA:8,1
DA:17,1
DA:18,7
DA:20,7
DA:21,7
DA:22,7
DA:25,7
DA:26,7
DA:28,7
DA:30,7
DA:32,7
DA:38,2
DA:40,2
DA:41,1
DA:42,1
DA:43,1
DA:49,7
DA:52,7
DA:53,0
DA:54,0
DA:58,7
DA:59,0
DA:62,7
DA:63,7
DA:66,7
DA:67,0
DA:68,0
DA:75,7
DA:76,1
DA:77,1
DA:84,7
DA:85,1
DA:86,1
DA:94,7
DA:95,0
DA:102,7
DA:103,0
DA:110,7
DA:111,1
DA:118,7
DA:119,1
DA:122,7
LF:43
LH:36
BRDA:18,0,0,7
BRDA:40,1,0,1
BRDA:40,1,1,1
BRDA:40,2,0,2
BRDA:40,2,1,1
BRDA:42,3,0,1
BRDA:42,4,0,1
BRDA:42,4,1,1
BRDA:43,5,0,1
BRDA:43,5,1,0
BRDA:53,6,0,0
BRDA:76,7,0,1
BRDA:85,8,0,1
BRDA:95,9,0,0
BRDA:95,9,1,0
BRDA:103,10,0,0
BRDA:103,10,1,0
BRF:17
BRH:11
end_of_record
TN:
SF:src\index.ts
FN:8,(anonymous_4)
FN:7,(anonymous_5)
FN:13,(anonymous_6)
FNF:3
FNH:0
FNDA:0,(anonymous_4)
FNDA:0,(anonymous_5)
FNDA:0,(anonymous_6)
DA:3,0
DA:4,0
DA:7,0
DA:8,0
DA:9,0
DA:12,0
DA:14,0
LF:7
LH:0
BRDA:13,0,0,0
BRF:1
BRH:0
end_of_record
TN:
SF:src\vue-shims.d.ts
FNF:0
FNH:0
LF:0
LH:0
BRF:0
BRH:0
end_of_record
